c[?7l[2J[0mSeaBIOS (version 1.16.3-2.fc40)


iPXE (https://ipxe.org) 00:03.0 CA00 PCI2.10 PnP PMM+3EFCA420+3EF0A420 CA00
Press Ctrl-B to configure iPXE (PCI 00:03.0)...
                                                                               


Booting from Hard Disk...
Boot failed: could not read the boot disk

Booting from Floppy...
Loading EPOS ... done
Ignoring ELF segment 1 at 0x80480d4!

*** This is EPOS!

Setting up this machine as follows: 
  Mode:         library
  Processor:    1 x IA32 at 2000 MHz (BUS clock = 2000 MHz)
  Machine:      PC
  Memory:       1048576 KB [0x00000000:0x40000000]
  User memory:  1047472 KB [0x00000000:0x3feec000]
  I/O space:    28612 KB [0xfd000000:0xfebf1000]
  Node Id:      will get from the network!
  Position:     will get from the network!
  Setup:        16768 bytes
  APP code:     32768 bytes	data: 4214784 bytes

PREV: 0xffc3fe64, NEXT: 0xffc3fe64
MIN FREQ: 2592850320
JOB RELEASEEEE: 0
JOB UTILIZATION: 0
PREV: 0xffc3fe64, NEXT: 0xffc3fe64
PREV: 0xffc3fe64, NEXT: 0xffc3fe64
MIN FREQ: 2592850320
JOB RELEASEEEE: 0
JOB UTILIZATION: 0
PREV: 0xffc3fe64, NEXT: 0xffc3fe64
PREV: 0xffc3fe64, NEXT: 0x80800e84

========================================================
CURRENT: 4, START: 3, AB DL: 103
TF: 1, SLACK: 990, REAL DL: 100
LEVEL: 2, step: 0, CLOCK: 2592850320, MIN FREQ: 2592850320

========================================================
Finished Iteration: A
PREV: 0x80800e84, NEXT: 0x80800b7c

========================================================
CURRENT: 7, START: 4, AB DL: 171
TF: 1, SLACK: 1640, REAL DL: 167
LEVEL: 2, step: 0, CLOCK: 2592850320, MIN FREQ: 2592850320

========================================================
PREV: 0x80800b7c, NEXT: 0x80800b7c

========================================================
CURRENT: 17, START: 4, AB DL: 171
TF: 1, SLACK: 1540, REAL DL: 167
LEVEL: 2, step: 0, CLOCK: 2592850320, MIN FREQ: 2592850320

========================================================
PREV: 0x80800b7c, NEXT: 0x80800b7c

========================================================
CURRENT: 27, START: 4, AB DL: 171
TF: 2, SLACK: 1440, REAL DL: 167
LEVEL: 2, step: 0, CLOCK: 2592850320, MIN FREQ: 2592850320

========================================================
PREV: 0x80800b7c, NEXT: 0x80800b7c

========================================================
CURRENT: 37, START: 4, AB DL: 171
TF: 2, SLACK: 1340, REAL DL: 167
LEVEL: 2, step: 0, CLOCK: 2592850320, MIN FREQ: 2592850320

========================================================
PREV: 0x80800b7c, NEXT: 0x80800b7c

========================================================
CURRENT: 47, START: 4, AB DL: 171
TF: 3, SLACK: 1240, REAL DL: 167
LEVEL: 3, step: 0, CLOCK: 2592850320, MIN FREQ: 2592850320

========================================================
PREV: 0x80800b7c, NEXT: 0x80800b7c

========================================================
CURRENT: 57, START: 4, AB DL: 171
TF: 4, SLACK: 1140, REAL DL: 167
LEVEL: 5, step: 0, CLOCK: 2592850320, MIN FREQ: 2592850320

========================================================
Finished Iteration: C
PREV: 0x80800b7c, NEXT: 0x80800d00
PREV: 0x80800d00, NEXT: 0x80800d00
PREV: 0x80800d00, NEXT: 0x80800d00
Finished Iteration: B
PREV: 0x80800d00, NEXT: 0x80800a40
33
PREV: 0x80800a40, NEXT: 0xffc3bd08
PREV: 0xffc3bd08, NEXT: 0x80800d00
PREV: 0x80800d00, NEXT: 0x80800d00
MIN FREQ: 2592850320
JOB RELEASEEEE: 0
JOB UTILIZATION: 3
PREV: 0x80800d00, NEXT: 0x80800e84

========================================================
CURRENT: 102, START: 102, AB DL: 202
TF: 0, SLACK: 1000, REAL DL: 100
LEVEL: 1, step: 0, CLOCK: 2592850320, MIN FREQ: 2592850320

========================================================
Finished Iteration: A
PREV: 0x80800e84, NEXT: 0x80800d00
Finished Iteration: B
PREV: 0x80800d00, NEXT: 0xffc3bd08
PREV: 0xffc3bd08, NEXT: 0xffc3bd08
PREV: 0xffc3bd08, NEXT: 0xffc3bd08
PREV: 0xffc3bd08, NEXT: 0xffc3bd08
PREV: 0xffc3bd08, NEXT: 0xffc3bd08
PREV: 0xffc3bd08, NEXT: 0xffc3bd08
PREV: 0xffc3bd08, NEXT: 0x80800d00
MIN FREQ: 2592850320
JOB RELEASEEEE: 10
JOB UTILIZATION: 52
PREV: 0x80800d00, NEXT: 0x80800b7c

========================================================
CURRENT: 171, START: 171, AB DL: 338
TF: 0, SLACK: 1670, REAL DL: 167
LEVEL: 1, step: 0, CLOCK: 2592850320, MIN FREQ: 2592850320

========================================================
PREV: 0x80800b7c, NEXT: 0x80800b7c

========================================================
CURRENT: 181, START: 171, AB DL: 338
TF: 1, SLACK: 1570, REAL DL: 167
LEVEL: 2, step: 0, CLOCK: 2592850320, MIN FREQ: 2592850320

========================================================
PREV: 0x80800b7c, NEXT: 0x80800b7c

========================================================
CURRENT: 191, START: 171, AB DL: 338
TF: 2, SLACK: 1470, REAL DL: 167
LEVEL: 2, step: 0, CLOCK: 2592850320, MIN FREQ: 2592850320

========================================================
PREV: 0x80800b7c, NEXT: 0x80800b7c

========================================================
CURRENT: 201, START: 171, AB DL: 338
TF: 2, SLACK: 1370, REAL DL: 167
LEVEL: 2, step: 0, CLOCK: 2592850320, MIN FREQ: 2592850320

========================================================
MIN FREQ: 2592850320
JOB RELEASEEEE: 1
JOB UTILIZATION: 5
PREV: 0x80800b7c, NEXT: 0x80800e84

========================================================
CURRENT: 202, START: 202, AB DL: 302
TF: 0, SLACK: 1000, REAL DL: 100
LEVEL: 1, step: 0, CLOCK: 2592850320, MIN FREQ: 2592850320

========================================================
Finished Iteration: A
PREV: 0x80800e84, NEXT: 0x80800b7c

========================================================
CURRENT: 205, START: 171, AB DL: 338
TF: 3, SLACK: 1330, REAL DL: 167
LEVEL: 3, step: 0, CLOCK: 2592850320, MIN FREQ: 2592850320

========================================================
PREV: 0x80800b7c, NEXT: 0x80800b7c

========================================================
CURRENT: 214, START: 171, AB DL: 338
TF: 3, SLACK: 1240, REAL DL: 167
LEVEL: 3, step: 0, CLOCK: 2592850320, MIN FREQ: 2592850320

========================================================
PREV: 0x80800b7c, NEXT: 0x80800b7c

========================================================
CURRENT: 224, START: 171, AB DL: 338
TF: 4, SLACK: 1140, REAL DL: 167
LEVEL: 5, step: 0, CLOCK: 2592850320, MIN FREQ: 2592850320

========================================================
Finished IPREV: 0x80800b7c, NEXT: 0x80800b7c

========================================================
CURRENT: 234, START: 171, AB DL: 338
TF: 4, SLACK: 1040, REAL DL: 167
LEVEL: 5, step: 0, CLOCK: 2592850320, MIN FREQ: 2592850320

========================================================
teration: C
PREV: 0x80800b7c, NEXT: 0x80800d00
PREV: 0x80800d00, NEXT: 0x80800d00
PREV: 0x80800d00, NEXT: 0x80800d00
Finished Iteration: B
PREV: 0x80800d00, NEXT: 0x80800d00
PREV: 0x80800d00, NEXT: 0x80800d00
Finished Iteration: B
PREV: 0x80800d00, NEXT: 0xffc3bd08
PREV: 0xffc3bd08, NEXT: 0xffc3bd08
PREV: 0xffc3bd08, NEXT: 0xffc3bd08
MIN FREQ: 2592850320
JOB RELEASEEEE: 1
JOB UTILIZATION: 3
PREV: 0xffc3bd08, NEXT: 0x80800e84

========================================================
CURRENT: 302, START: 302, AB DL: 402
TF: 0, SLACK: 1000, REAL DL: 100
LEVEL: 1, step: 0, CLOCK: 2592850320, MIN FREQ: 2592850320

========================================================
Finished Iteration: A
PREV: 0x80800e84, NEXT: 0xffc3bd08
PREV: 0xffc3bd08, NEXT: 0xffc3bd08
PREV: 0xffc3bd08, NEXT: 0xffc3bd08
PREV: 0xffc3bd08, NEXT: 0x80800d00
PREV: 0x80800d00, NEXT: 0x80800d00
MIN FREQ: 2592850320
JOB RELEASEEEE: 22
JOB UTILIZATION: 62
PREV: 0x80800d00, NEXT: 0x80800b7c

========================================================
CURRENT: 338, START: 338, AB DL: 505
TF: 0, SLACK: 1670, REAL DL: 167
LEVEL: 1, step: 0, CLOCK: 2592850320, MIN FREQ: 2592850320

========================================================
PREV: 0x80800b7c, NEXT: 0x80800b7c

========================================================
CURRENT: 348, START: 338, AB DL: 505
TF: 1, SLACK: 1570, REAL DL: 167
LEVEL: 2, step: 0, CLOCK: 2592850320, MIN FREQ: 2592850320

========================================================
PREV: 0x80800b7c, NEXT: 0x80800b7c

========================================================
CURRENT: 358, START: 338, AB DL: 505
TF: 2, SLACK: 1470, REAL DL: 167
LEVEL: 2, step: 0, CLOCK: 2592850320, MIN FREQ: 2592850320

========================================================
PREV: 0x80800b7c, NEXT: 0x80800b7c

========================================================
CURRENT: 368, START: 338, AB DL: 505
TF: 2, SLACK: 1370, REAL DL: 167
LEVEL: 2, step: 0, CLOCK: 2592850320, MIN FREQ: 2592850320

========================================================
PREV: 0x80800b7c, NEXT: 0x80800b7c

========================================================
CURRENT: 378, START: 338, AB DL: 505
TF: 3, SLACK: 1270, REAL DL: 167
LEVEL: 3, step: 0, CLOCK: 2592850320, MIN FREQ: 2592850320

========================================================
PREV: 0x80800b7c, NEXT: 0x80800b7c

========================================================
CURRENT: 388, START: 338, AB DL: 505
TF: 3, SLACK: 1170, REAL DL: 167
LEVEL: 3, step: 0, CLOCK: 2592850320, MIN FREQ: 2592850320

========================================================
Finished Iteration: C
PREV: 0x80800b7c, NEXT: 0x80800d00
Finished Iteration: B
PREV: 0x80800d00, NEXT: 0xffc3bd08
MIN FREQ: 2592850320
JOB RELEASEEEE: 1
JOB UTILIZATION: 2
PREV: 0xffc3bd08, NEXT: 0x80800e84

========================================================
CURRENT: 402, START: 402, AB DL: 502
TF: 0, SLACK: 1000, REAL DL: 100
LEVEL: 1, step: 0, CLOCK: 2592850320, MIN FREQ: 2592850320

========================================================
PREV: 0x80800e84, NEXT: 0x80800e84

========================================================
CURRENT: 404, START: 402, AB DL: 502
TF: 1, SLACK: 980, REAL DL: 100
LEVEL: 2, step: 0, CLOCK: 2592850320, MIN FREQ: 2592850320

========================================================
Finished Iteration: A
PREV: 0x80800e84, NEXT: 0x80800d00
PREV: 0x80800d00, NEXT: 0x80800d00
PREV: 0x80800d00, NEXT: 0x80800d00
Finished Iteration: B
PREV: 0x80800d00, NEXT: 0xffc3bd08
PREV: 0xffc3bd08, NEXT: 0xffc3bd08
PREV: 0xffc3bd08, NEXT: 0xffc3bd08
PREV: 0xffc3bd08, NEXT: 0xffc3bd08
PREV: 0xffc3bd08, NEXT: 0xffc3bd08
PREV: 0xffc3bd08, NEXT: 0xffc3bd08
PREV: 0xffc3bd08, NEXT: 0x80800d00
PREV: 0x80800d00, NEXT: 0x80800d00
AVERAGE EF: 0, _DEADLINE: 100
MIN FREQ: 265755
JOB RELEASEEEE: 1
JOB UTILIZATION: 3
PREV: 0x80800d00, NEXT: 0x80800e84

========================================================
CURRENT: 502, START: 502, AB DL: 602
TF: 0, SLACK: 1000, REAL DL: 100
LEVEL: 1, step: 324073071, CLOCK: 324338826, MIN FREQ: 265755

========================================================
MIN FREQ: 2592850320
JOB RELEASEEEE: 32
JOB UTILIZATION: 52
PREV: 0x80800e84, NEXT: 0x80800e84

========================================================
CURRENT: 505, START: 502, AB DL: 602
TF: 1, SLACK: 970, REAL DL: 100
LEVEL: 2, step: 324073071, CLOCK: 648411897, MIN FREQ: 265755

========================================================
Finished Iteration: A
PREV: 0x80800e84, NEXT: 0x80800b7c

========================================================
CURRENT: 506, START: 505, AB DL: 672
TF: 1, SLACK: 1660, REAL DL: 167
LEVEL: 2, step: 0, CLOCK: 2592850320, MIN FREQ: 2592850320

========================================================
PREV: 0x80800b7c, NEXT: 0x80800b7c

========================================================
CURRENT: 516, START: 505, AB DL: 672
TF: 1, SLACK: 1560, REAL DL: 167
LEVEL: 2, step: 0, CLOCK: 2592850320, MIN FREQ: 2592850320

========================================================
PREV: 0x80800b7c, NEXT: 0x80800b7c

========================================================
CURRENT: 526, START: 505, AB DL: 672
TF: 2, SLACK: 1460, REAL DL: 167
LEVEL: 2, step: 0, CLOCK: 2592850320, MIN FREQ: 2592850320

========================================================
PREV: 0x80800b7c, NEXT: 0x80800b7c

========================================================
CURRENT: 536, START: 505, AB DL: 672
TF: 2, SLACK: 1360, REAL DL: 167
LEVEL: 2, step: 0, CLOCK: 2592850320, MIN FREQ: 2592850320

========================================================
PREV: 0x80800b7c, NEXT: 0x80800b7c

========================================================
CURRENT: 546, START: 505, AB DL: 672
TF: 3, SLACK: 1260, REAL DL: 167
LEVEL: 3, step: 0, CLOCK: 2592850320, MIN FREQ: 2592850320

========================================================
PREV: 0x80800b7c, NEXT: 0x80800b7c

========================================================
CURRENT: 556, START: 505, AB DL: 672
TF: 4, SLACK: 1160, REAL DL: 167
LEVEL: 5, step: 0, CLOCK: 2592850320, MIN FREQ: 2592850320

========================================================
Finished Iteration: C
PREV: 0x80800b7c, NEXT: 0x80800d00
Finished Iteration: B
PREV: 0x80800d00, NEXT: 0x80800d00
PREV: 0x80800d00, NEXT: 0x80800d00
Finished Iteration: B
PREV: 0x80800d00, NEXT: 0xffc3bd08
PREV: 0xffc3bd08, NEXT: 0xffc3bd08
AVERAGE EF: 0, _DEADLINE: 100
MIN FREQ: 265755
JOB RELEASEEEE: 1
JOB UTILIZATION: 4
PREV: 0xffc3bd08, NEXT: 0x80800e84

========================================================
CURRENT: 602, START: 602, AB DL: 702
TF: 0, SLACK: 1000, REAL DL: 100
LEVEL: 1, step: 324073071, CLOCK: 324338826, MIN FREQ: 265755

========================================================
Finished Iteration: A
PREV: 0x80800e84, NEXT: 0xffc3bd08
PREV: 0xffc3bd08, NEXT: 0xffc3bd08
PREV: 0xffc3bd08, NEXT: 0xffc3bd08
PREV: 0xffc3bd08, NEXT: 0xffc3bd08
PREV: 0xffc3bd08, NEXT: 0x80800d00
PREV: 0x80800d00, NEXT: 0x80800d00
PREV: 0x80800d00, NEXT: 0x80800d00
Finished Iteration: B
PREV: 0x80800d00, NEXT: 0xffc3bd08
MIN FREQ: 2592850320
JOB RELEASEEEE: 43
JOB UTILIZATION: 59
PREV: 0xffc3bd08, NEXT: 0x80800b7c

========================================================
CURRENT: 672, START: 672, AB DL: 839
TF: 0, SLACK: 1670, REAL DL: 167
LEVEL: 1, step: 0, CLOCK: 2592850320, MIN FREQ: 2592850320

========================================================
PREV: 0x80800b7c, NEXT: 0x80800b7c

========================================================
CURRENT: 682, START: 672, AB DL: 839
TF: 1, SLACK: 1570, REAL DL: 167
LEVEL: 2, step: 0, CLOCK: 2592850320, MIN FREQ: 2592850320

========================================================
PREV: 0x80800b7c, NEXT: 0x80800b7c

========================================================
CURRENT: 692, START: 672, AB DL: 839
TF: 2, SLACK: 1470, REAL DL: 167
LEVEL: 2, step: 0, CLOCK: 2592850320, MIN FREQ: 2592850320

========================================================
AVERAGE EF: 0, _DEADLINE: 100
MIN FREQ: 265755
JOB RELEASEEEE: 1
JOB UTILIZATION: 3
PREV: 0x80800b7c, NEXT: 0x80800e84

========================================================
CURRENT: 702, START: 702, AB DL: 802
TF: 0, SLACK: 1000, REAL DL: 100
LEVEL: 1, step: 324073071, CLOCK: 324338826, MIN FREQ: 265755

========================================================
Finished Iteration: A
PREV: 0x80800e84, NEXT: 0x80800b7c

========================================================
CURRENT: 705, START: 672, AB DL: 839
TF: 2, SLACK: 1340, REAL DL: 167
LEVEL: 2, step: 0, CLOCK: 2592850320, MIN FREQ: 2592850320

========================================================
PREV: 0x80800b7c, NEXT: 0x80800b7c

========================================================
CURRENT: 714, START: 672, AB DL: 839
TF: 3, SLACK: 1250, REAL DL: 167
LEVEL: 3, step: 0, CLOCK: 2592850320, MIN FREQ: 2592850320

========================================================
PREV: 0x80800b7c, NEXT: 0x80800b7c

========================================================
CURRENT: 724, START: 672, AB DL: 839
TF: 4, SLACK: 1150, REAL DL: 167
LEVEL: 5, step: 0, CLOCK: 2592850320, MIN FREQ: 2592850320

========================================================
PREV: 0x80800b7c, NEXT: 0x80800b7c

========================================================
CURRENT: 733, START: 672, AB DL: 839
TF: 4, SLACK: 1060, REAL DL: 167
LEVEL: 5, step: 0, CLOCK: 2592850320, MIN FREQ: 2592850320

========================================================
Finished Iteration: C
PREV: 0x80800b7c, NEXT: 0x80800d00
PREV: 0x80800d00, NEXT: 0x80800d00
PREV: 0x80800d00, NEXT: 0x80800d00
Finished Iteration: B
PREV: 0x80800d00, NEXT: 0xffc3bd08
PREV: 0xffc3bd08, NEXT: 0xffc3bd08
PREV: 0xffc3bd08, NEXT: 0xffc3bd08
PREV: 0xffc3bd08, NEXT: 0xffc3bd08
AVERAGE EF: 0, _DEADLINE: 100
MIN FREQ: 265755
JOB RELEASEEEE: 1
JOB UTILIZATION: 3
PREV: 0xffc3bd08, NEXT: 0x80800e84

========================================================
CURRENT: 802, START: 802, AB DL: 902
TF: 0, SLACK: 1000, REAL DL: 100
LEVEL: 1, step: 324073071, CLOCK: 324338826, MIN FREQ: 265755

========================================================
PREV: 0x80800e84, NEXT: 0x80800e84

========================================================
CURRENT: 804, START: 802, AB DL: 902
TF: 1, SLACK: 980, REAL DL: 100
LEVEL: 2, step: 324073071, CLOCK: 648411897, MIN FREQ: 265755

========================================================
Finished Iteration: A
PREV: 0x80800e84, NEXT: 0x80800d00
PREV: 0x80800d00, NEXT: 0xffc3bd08
PREV: 0xffc3bd08, NEXT: 0xffc3bd08
PREV: 0xffc3bd08, NEXT: 0xffc3bd08
PREV: 0xffc3bd08, NEXT: 0xffc3bd08
AVERAGE EF: 2, _DEADLINE: 167
MIN FREQ: 518782667
JOB RELEASEEEE: 46
JOB UTILIZATION: 62
PREV: 0xffc3bd08, NEXT: 0x80800b7c

========================================================
CURRENT: 839, START: 839, AB DL: 1006
TF: 0, SLACK: 1670, REAL DL: 167
LEVEL: 1, step: 259258457, CLOCK: 778041124, MIN FREQ: 518782667

========================================================
PREV: 0x80800b7c, NEXT: 0x80800b7c

========================================================
CURRENT: 849, START: 839, AB DL: 1006
TF: 1, SLACK: 1570, REAL DL: 167
LEVEL: 2, step: 259258457, CLOCK: 1037299581, MIN FREQ: 518782667

========================================================
PREV: 0x80800b7c, NEXT: 0x80800b7c

========================================================
CURRENT: 859, START: 839, AB DL: 1006
TF: 2, SLACK: 1470, REAL DL: 167
LEVEL: 2, step: 259258457, CLOCK: 1037299581, MIN FREQ: 518782667

========================================================
PREV: 0x80800b7c, NEXT: 0x80800b7c

========================================================
CURRENT: 869, START: 839, AB DL: 1006
TF: 2, SLACK: 1370, REAL DL: 167
LEVEL: 2, step: 259258457, CLOCK: 1037299581, MIN FREQ: 518782667

========================================================
PREV: 0x80800b7c, NEXT: 0x80800b7c

========================================================
CURRENT: 879, START: 839, AB DL: 1006
TF: 3, SLACK: 1270, REAL DL: 167
LEVEL: 3, step: 259258457, CLOCK: 1296558038, MIN FREQ: 518782667

========================================================
PREV: 0x80800b7c, NEXT: 0x80800b7c

========================================================
CURRENT: 889, START: 839, AB DL: 1006
TF: 3, SLACK: 1170, REAL DL: 167
LEVEL: 3, step: 259258457, CLOCK: 1296558038, MIN FREQ: 518782667

========================================================
PREV: 0x80800b7c, NEXT: 0x80800b7c

========================================================
CURRENT: 899, START: 839, AB DL: 1006
TF: 4, SLACK: 1070, REAL DL: 167
LEVEL: 5, step: 259258457, CLOCK: 1815074952, MIN FREQ: 518782667

========================================================
AVERAGE EF: 0, _DEADLINE: 100
MIN FREQ: 265755
JOB RELEASEEEE: 1
JOB UTILIZATION: 3
PREV: 0x80800b7c, NEXT: 0x80800e84

========================================================
CURRENT: 902, START: 902, AB DL: 1002
TF: 0, SLACK: 1000, REAL DL: 100
LEVEL: 1, step: 324073071, CLOCK: 324338826, MIN FREQ: 265755

========================================================
Finished Iteration: A
PREV: 0x80800e84, NEXT: 0x80800b7c

========================================================
CURRENT: 905, START: 839, AB DL: 1006
TF: 4, SLACK: 1010, REAL DL: 167
LEVEL: 5, step: 259258457, CLOCK: 1815074952, MIN FREQ: 518782667

========================================================
Finished Iteration: C
PREV: 0x80800b7c, NEXT: 0xffc3bd08
PREV: 0xffc3bd08, NEXT: 0xffc3bd08
PREV: 0xffc3bd08, NEXT: 0xffc3bd08
PREV: 0xffc3bd08, NEXT: 0xffc3bd08
PREV: 0xffc3bd08, NEXT: 0xffc3bd08
PREV: 0xffc3bd08, NEXT: 0xffc3bd08
PREV: 0xffc3bd08, NEXT: 0xffc3bd08
PREV: 0xffc3bd08, NEXT: 0xffc3bd08
PREV: 0xffc3bd08, NEXT: 0xffc3bd08
AVERAGE EF: 0, _DEADLINE: 100
MIN FREQ: 265755
JOB RELEASEEEE: 1
JOB UTILIZATION: 3
PREV: 0xffc3bd08, NEXT: 0x80800e84

========================================================
CURRENT: 1002, START: 1002, AB DL: 1102
TF: 0, SLACK: 1000, REAL DL: 100
LEVEL: 1, step: 324073071, CLOCK: 324338826, MIN FREQ: 265755

========================================================
PREV: 0x80800e84, NEXT: 0xffc3fe64
PREV: 0xffc3fe64, NEXT: 0xffc3bd08
AVERAGE EF: 2, _DEADLINE: 167
MIN FREQ: 453934834
JOB RELEASEEEE: 51
JOB UTILIZATION: 71
PREV: 0xffc3bd08, NEXT: 0x80800b7c

========================================================
CURRENT: 1008, START: 1006, AB DL: 1173
TF: 1, SLACK: 1650, REAL DL: 167
LEVEL: 2, step: 267364436, CLOCK: 988663706, MIN FREQ: 453934834

========================================================
PREV: 0x80800b7c, NEXT: 0x80800b7c

========================================================
CURRENT: 1018, START: 1006, AB DL: 1173
TF: 1, SLACK: 1550, REAL DL: 167
LEVEL: 2, step: 267364436, CLOCK: 988663706, MIN FREQ: 453934834

========================================================
PREV: 0x80800b7c, NEXT: 0x80800b7c

========================================================
CURRENT: 1028, START: 1006, AB DL: 1173
TF: 2, SLACK: 1450, REAL DL: 167
LEVEL: 2, step: 267364436, CLOCK: 988663706, MIN FREQ: 453934834

========================================================
PREV: 0x80800b7c, NEXT: 0x80800b7c

========================================================
CURRENT: 1038, START: 1006, AB DL: 1173
TF: 2, SLACK: 1350, REAL DL: 167
LEVEL: 2, step: 267364436, CLOCK: 988663706, MIN FREQ: 453934834

========================================================
PREV: 0x80800b7c, NEXT: 0x80800b7c

========================================================
CURRENT: 1048, START: 1006, AB DL: 1173
TF: 3, SLACK: 1250, REAL DL: 167
LEVEL: 3, step: 267364436, CLOCK: 1256028142, MIN FREQ: 453934834

========================================================
PREV: 0x80800b7c, NEXT: 0x80800b7c

========================================================
CURRENT: 1058, START: 1006, AB DL: 1173
TF: 4, SLACK: 1150, REAL DL: 167
LEVEL: 5, step: 267364436, CLOCK: 1790757014, MIN FREQ: 453934834

========================================================
PREV: 0x80800b7c, NEXT: 0x80800b7c

========================================================
CURRENT: 1068, START: 1006, AB DL: 1173
TF: 4, SLACK: 1050, REAL DL: 167
LEVEL: 5, step: 267364436, CLOCK: 1790757014, MIN FREQ: 453934834

========================================================
PREV: 0x80800b7c, NEXT: 0x80800b7c

========================================================
CURRENT: 1078, START: 1006, AB DL: 1173
TF: 5, SLACK: 950, REAL DL: 167
LEVEL: 6, step: 267364436, CLOCK: 2058121450, MIN FREQ: 453934834

========================================================
Finished Iteration: C
PREV: 0x80800b7c, NEXT: 0xffc3bd08
PREV: 0xffc3bd08, NEXT: 0xffc3bd08
PREV: 0xffc3bd08, NEXT: 0xffc3bd08
PREV: 0xffc3bd08, NEXT: 0xffc3bd08
PREV: 0xffc3bd08, NEXT: 0xffc3bd08
PREV: 0xffc3bd08, NEXT: 0xffc3bd08
PREV: 0xffc3bd08, NEXT: 0xffc3bd08
PREV: 0xffc3bd08, NEXT: 0xffc3bd08
PREV: 0xffc3bd08, NEXT: 0xffc3bd08
AVERAGE EF: 3, _DEADLINE: 167
MIN FREQ: 397192980
JOB RELEASEEEE: 56
JOB UTILIZATION: 76
PREV: 0xffc3bd08, NEXT: 0x80800b7c

========================================================
CURRENT: 1173, START: 1173, AB DL: 1340
TF: 0, SLACK: 1670, REAL DL: 167
LEVEL: 1, step: 274457168, CLOCK: 671650148, MIN FREQ: 397192980

========================================================
PREV: 0x80800b7c, NEXT: 0x80800b7c

========================================================
CURRENT: 1183, START: 1173, AB DL: 1340
TF: 1, SLACK: 1570, REAL DL: 167
LEVEL: 2, step: 274457168, CLOCK: 946107316, MIN FREQ: 397192980

========================================================
PREV: 0x80800b7c, NEXT: 0x80800b7c

========================================================
CURRENT: 1193, START: 1173, AB DL: 1340
TF: 2, SLACK: 1470, REAL DL: 167
LEVEL: 2, step: 274457168, CLOCK: 946107316, MIN FREQ: 397192980

========================================================
PREV: 0x80800b7c, NEXT: 0x80800b7c

========================================================
CURRENT: 1203, START: 1173, AB DL: 1340
TF: 2, SLACK: 1370, REAL DL: 167
LEVEL: 2, step: 274457168, CLOCK: 946107316, MIN FREQ: 397192980

========================================================
PREV: 0x80800b7c, NEXT: 0x80800b7c

========================================================
CURRENT: 1213, START: 1173, AB DL: 1340
TF: 3, SLACK: 1270, REAL DL: 167
LEVEL: 3, step: 274457168, CLOCK: 1220564484, MIN FREQ: 397192980

========================================================
PREV: 0x80800b7c, NEXT: 0x80800b7c

========================================================
CURRENT: 1223, START: 1173, AB DL: 1340
TF: 3, SLACK: 1170, REAL DL: 167
LEVEL: 3, step: 274457168, CLOCK: 1220564484, MIN FREQ: 397192980

========================================================
PREV: 0x80800b7c, NEXT: 0x80800b7c

========================================================
CURRENT: 1233, START: 1173, AB DL: 1340
TF: 4, SLACK: 1070, REAL DL: 167
LEVEL: 5, step: 274457168, CLOCK: 1769478820, MIN FREQ: 397192980

========================================================
PREV: 0x80800b7c, NEXT: 0x80800b7c

========================================================
CURRENT: 1243, START: 1173, AB DL: 1340
TF: 5, SLACK: 970, REAL DL: 167
LEVEL: 6, step: 274457168, CLOCK: 2043935988, MIN FREQ: 397192980

========================================================
PREV: 0x80800b7c, NEXT: 0x80800b7c

========================================================
CURRENT: 1253, START: 1173, AB DL: 1340
TF: 5, SLACK: 870, REAL DL: 167
LEVEL: 6, step: 274457168, CLOCK: 2043935988, MIN FREQ: 397192980

========================================================
Finished Iteration: C
PREV: 0x80800b7c, NEXT: 0xffc3bd08
PREV: 0xffc3bd08, NEXT: 0xffc3bd08
PREV: 0xffc3bd08, NEXT: 0xffc3bd08
PREV: 0xffc3bd08, NEXT: 0xffc3bd08
PREV: 0xffc3bd08, NEXT: 0xffc3bd08
PREV: 0xffc3bd08, NEXT: 0xffc3bd08
PREV: 0xffc3bd08, NEXT: 0xffc3bd08
PREV: 0xffc3bd08, NEXT: 0xffc3bd08
AVERAGE EF: 3, _DEADLINE: 167
MIN FREQ: 347543858
JOB RELEASEEEE: 62
JOB UTILIZATION: 89
PREV: 0xffc3bd08, NEXT: 0x80800b7c

========================================================
CURRENT: 1340, START: 1340, AB DL: 1507
TF: 0, SLACK: 1670, REAL DL: 167
LEVEL: 1, step: 280663308, CLOCK: 628207166, MIN FREQ: 347543858

========================================================
PREV: 0x80800b7c, NEXT: 0x80800b7c

========================================================
CURRENT: 1350, START: 1340, AB DL: 1507
TF: 1, SLACK: 1570, REAL DL: 167
LEVEL: 2, step: 280663308, CLOCK: 908870474, MIN FREQ: 347543858

========================================================
PREV: 0x80800b7c, NEXT: 0x80800b7c

========================================================
CURRENT: 1360, START: 1340, AB DL: 1507
TF: 2, SLACK: 1470, REAL DL: 167
LEVEL: 2, step: 280663308, CLOCK: 908870474, MIN FREQ: 347543858

========================================================
PREV: 0x80800b7c, NEXT: 0x80800b7c

========================================================
CURRENT: 1370, START: 1340, AB DL: 1507
TF: 2, SLACK: 1370, REAL DL: 167
LEVEL: 2, step: 280663308, CLOCK: 908870474, MIN FREQ: 347543858

========================================================
PREV: 0x80800b7c, NEXT: 0x80800b7c

========================================================
CURRENT: 1380, START: 1340, AB DL: 1507
TF: 3, SLACK: 1270, REAL DL: 167
LEVEL: 3, step: 280663308, CLOCK: 1189533782, MIN FREQ: 347543858

========================================================
PREV: 0x80800b7c, NEXT: 0x80800b7c

========================================================
CURRENT: 1391, START: 1340, AB DL: 1507
TF: 4, SLACK: 1160, REAL DL: 167
LEVEL: 5, step: 280663308, CLOCK: 1750860398, MIN FREQ: 347543858

========================================================
PREV: 0x80800b7c, NEXT: 0x80800b7c

========================================================
CURRENT: 1400, START: 1340, AB DL: 1507
TF: 4, SLACK: 1070, REAL DL: 167
LEVEL: 5, step: 280663308, CLOCK: 1750860398, MIN FREQ: 347543858

========================================================
PREV: 0x80800b7c, NEXT: 0x80800b7c

========================================================
CURRENT: 1410, START: 1340, AB DL: 1507
TF: 5, SLACK: 970, REAL DL: 167
LEVEL: 6, step: 280663308, CLOCK: 2031523706, MIN FREQ: 347543858

========================================================
PREV: 0x80800b7c, NEXT: 0x80800b7c

========================================================
CURRENT: 1420, START: 1340, AB DL: 1507
TF: 5, SLACK: 870, REAL DL: 167
LEVEL: 6, step: 280663308, CLOCK: 2031523706, MIN FREQ: 347543858

========================================================
PREV: 0x80800b7c, NEXT: 0x80800b7c

========================================================
CURRENT: 1430, START: 1340, AB DL: 1507
TF: 6, SLACK: 770, REAL DL: 167
LEVEL: 7, step: 280663308, CLOCK: 2312187014, MIN FREQ: 347543858

========================================================
PREV: 0x80800b7c, NEXT: 0x80800b7c

========================================================
CURRENT: 1440, START: 1340, AB DL: 1507
TF: 6, SLACK: 670, REAL DL: 167
LEVEL: 7, step: 280663308, CLOCK: 2312187014, MIN FREQ: 347543858

========================================================
PREV: 0x80800b7c, NEXT: 0x80800b7c

========================================================
CURRENT: 1450, START: 1340, AB DL: 1507
TF: 7, SLACK: 570, REAL DL: 167
LEVEL: 7, step: 280663308, CLOCK: 2312187014, MIN FREQ: 347543858

========================================================
Finished Iteration: C
PREV: 0x80800b7c, NEXT: 0xffc3bd08
PREV: 0xffc3bd08, NEXT: 0xffc3bd08
PREV: 0xffc3bd08, NEXT: 0xffc3bd08
PREV: 0xffc3bd08, NEXT: 0xffc3bd08
PREV: 0xffc3bd08, NEXT: 0xffc3bd08
PREV: 0xffc3bd08, NEXT: 0xffc3bd08
AVERAGE EF: 3, _DEADLINE: 167
MIN FREQ: 304100876
JOB RELEASEEEE: 73
JOB UTILIZATION: 117
PREV: 0xffc3bd08, NEXT: 0x80800b7c

========================================================
CURRENT: 1507, START: 1507, AB DL: 1674
TF: 0, SLACK: 1670, REAL DL: 167
LEVEL: 1, step: 286093681, CLOCK: 590194557, MIN FREQ: 304100876

========================================================
PREV: 0x80800b7c, NEXT: 0x80800b7c

========================================================
CURRENT: 1517, START: 1507, AB DL: 1674
TF: 1, SLACK: 1570, REAL DL: 167
LEVEL: 2, step: 286093681, CLOCK: 876288238, MIN FREQ: 304100876

========================================================
PREV: 0x80800b7c, NEXT: 0x80800b7c

========================================================
CURRENT: 1527, START: 1507, AB DL: 1674
TF: 2, SLACK: 1470, REAL DL: 167
LEVEL: 2, step: 286093681, CLOCK: 876288238, MIN FREQ: 304100876

========================================================
PREV: 0x80800b7c, NEXT: 0x80800b7c

========================================================
CURRENT: 1537, START: 1507, AB DL: 1674
TF: 2, SLACK: 1370, REAL DL: 167
LEVEL: 2, step: 286093681, CLOCK: 876288238, MIN FREQ: 304100876

========================================================
PREV: 0x80800b7c, NEXT: 0x80800b7c

========================================================
CURRENT: 1547, START: 1507, AB DL: 1674
TF: 3, SLACK: 1270, REAL DL: 167
LEVEL: 3, step: 286093681, CLOCK: 1162381919, MIN FREQ: 304100876

========================================================
PREV: 0x80800b7c, NEXT: 0x80800b7c

========================================================
CURRENT: 1557, START: 1507, AB DL: 1674
TF: 3, SLACK: 1170, REAL DL: 167
LEVEL: 3, step: 286093681, CLOCK: 1162381919, MIN FREQ: 304100876

========================================================
PREV: 0x80800b7c, NEXT: 0x80800b7c

========================================================
CURRENT: 1567, START: 1507, AB DL: 1674
TF: 4, SLACK: 1070, REAL DL: 167
LEVEL: 5, step: 286093681, CLOCK: 1734569281, MIN FREQ: 304100876

========================================================
Finished Iteration: C
PREV: 0x80800b7c, NEXT: 0xffc3bd08
PREV: 0xffc3bd08, NEXT: 0xffc3bd08
PREV: 0xffc3bd08, NEXT: 0xffc3bd08
PREV: 0xffc3bd08, NEXT: 0xffc3bd08
PREV: 0xffc3bd08, NEXT: 0xffc3bd08
PREV: 0xffc3bd08, NEXT: 0xffc3bd08
PREV: 0xffc3bd08, NEXT: 0xffc3bd08
PREV: 0xffc3bd08, NEXT: 0xffc3bd08
PREV: 0xffc3bd08, NEXT: 0xffc3bd08
PREV: 0xffc3bd08, NEXT: 0xffc3bd08
PREV: 0xffc3bd08, NEXT: 0xffc3bd08
AVERAGE EF: 4, _DEADLINE: 167
MIN FREQ: 304100876
JOB RELEASEEEE: 71
JOB UTILIZATION: 66
PREV: 0xffc3bd08, NEXT: 0x80800b7c

========================================================
CURRENT: 1674, START: 1674, AB DL: 1841
TF: 0, SLACK: 1670, REAL DL: 167
LEVEL: 1, step: 286093681, CLOCK: 590194557, MIN FREQ: 304100876

========================================================
PREV: 0x80800b7c, NEXT: 0xffc3fe64
PREV: 0xffc3fe64, NEXT: 0xffc3bd08


*** The last thread under control of EPOS has finished.
*** EPOS is shutting down!
PREV: 0xffc3bd08, NEXT: 0xffc3bd08
PREV: 0xffc3bd08, NEXT: 0xffc3bd08
PREV: 0xffc3bd08, NEXT: 0xffc3bd08
PREV: 0xffc3bd08, NEXT: 0xffc3bd08
PREV: 0xffc3bd08, NEXT: 0xffc3bd08
PREV: 0xffc3bd08, NEXT: 0xffc3bd08
PREV: 0xffc3bd08, NEXT: 0xffc3bd08
PREV: 0xffc3bd08, NEXT: 0xffc3bd08
PREV: 0xffc3bd08, NEXT: 0xffc3bd08
AVERAGE EF: 0, _DEADLINE: 149
MIN FREQ: 316260
JOB RELEASEEEE: 0
JOB UTILIZATION: 1
PREV: 0xffc3bd08, NEXT: 0x80800e84

========================================================
CURRENT: 5220, START: 5220, AB DL: 5369
TF: 0, SLACK: 1490, REAL DL: 149
LEVEL: 1, step: 324117263, CLOCK: 324433523

========================================================
Finished Iteration: C
PREV: 0x80800e84, NEXT: 0xffc3bd08
PREV: 0xffc3bd08, NEXT: 0xffc3bd08
PREV: 0xffc3bd08, NEXT: 0xffc3bd08
PREV: 0xffc3bd08, NEXT: 0xffc3bd08
PREV: 0xffc3bd08, NEXT: 0xffc3bd08
PREV: 0xffc3bd08, NEXT: 0xffc3bd08
PREV: 0xffc3bd08, NEXT: 0xffc3bd08
PREV: 0xffc3bd08, NEXT: 0xffc3bd08
PREV: 0xffc3bd08, NEXT: 0xffc3bd08
PREV: 0xffc3bd08, NEXT: 0xffc3bd08
PREV: 0xffc3bd08, NEXT: 0xffc3bd08
PREV: 0xffc3bd08, NEXT: 0xffc3bd08
PREV: 0xffc3bd08, NEXT: 0xffc3bd08
PREV: 0xffc3bd08, NEXT: 0xffc3bd08
PREV: 0xffc3bd08, NEXT: 0xffc3bd08
AVERAGE EF: 0, _DEADLINE: 149
MIN FREQ: 316260
JOB RELEASEEEE: 0
JOB UTILIZATION: 2
PREV: 0xffc3bd08, NEXT: 0x80800e84

========================================================
CURRENT: 5369, START: 5369, AB DL: 5518
TF: 0, SLACK: 1490, REAL DL: 149
LEVEL: 1, step: 324117263, CLOCK: 324433523

========================================================
Finished Iteration: C
PREV: 0x80800e84, NEXT: 0xffc3bd08
PREV: 0xffc3bd08, NEXT: 0xffc3bd08
PREV: 0xffc3bd08, NEXT: 0xffc3bd08
PREV: 0xffc3bd08, NEXT: 0xffc3bd08
PREV: 0xffc3bd08, NEXT: 0xffc3bd08
PREV: 0xffc3bd08, NEXT: 0xffc3bd08
PREV: 0xffc3bd08, NEXT: 0xffc3bd08
PREV: 0xffc3bd08, NEXT: 0xffc3bd08
PREV: 0xffc3bd08, NEXT: 0xffc3bd08
PREV: 0xffc3bd08, NEXT: 0xffc3bd08
PREV: 0xffc3bd08, NEXT: 0xffc3bd08
PREV: 0xffc3bd08, NEXT: 0xffc3bd08
PREV: 0xffc3bd08, NEXT: 0xffc3bd08
PREV: 0xffc3bd08, NEXT: 0xffc3bd08
PREV: 0xffc3bd08, NEXT: 0xffc3bd08
AVERAGE EF: 0, _DEADLINE: 149
MIN FREQ: 316260
JOB RELEASEEEE: 0
JOB UTILIZATION: 0
PREV: 0xffc3bd08, NEXT: 0x80800e84

========================================================
CURRENT: 5518, START: 5518, AB DL: 5667
TF: 0, SLACK: 1490, REAL DL: 149
LEVEL: 1, step: 324117263, CLOCK: 324433523

========================================================
Finished Iteration: C
PREV: 0x80800e84, NEXT: 0xffc3bd08
PREV: 0xffc3bd08, NEXT: 0xffc3bd08
PREV: 0xffc3bd08, NEXT: 0xffc3bd08
PREV: 0xffc3bd08, NEXT: 0xffc3bd08
PREV: 0xffc3bd08, NEXT: 0xffc3bd08
PREV: 0xffc3bd08, NEXT: 0xffc3bd08
PREV: 0xffc3bd08, NEXT: 0xffc3bd08
PREV: 0xffc3bd08, NEXT: 0xffc3bd08
PREV: 0xffc3bd08, NEXT: 0xffc3bd08
PREV: 0xffc3bd08, NEXT: 0xffc3bd08
PREV: 0xffc3bd08, NEXT: 0xffc3bd08
PREV: 0xffc3bd08, NEXT: 0xffc3bd08
PREV: 0xffc3bd08, NEXT: 0xffc3bd08
PREV: 0xffc3bd08, NEXT: 0xffc3bd08
PREV: 0xffc3bd08, NEXT: 0xffc3bd08
AVERAGE EF: 0, _DEADLINE: 149
MIN FREQ: 316260
PREV: 0xffc3bd08, NEXT: 0xffc3bd08

JOB RELEASEEEE: 0
JOB UTILIZATION: 0
PREV: 0xffc3bd08, NEXT: 0x80800e84

========================================================
CURRENT: 5668, START: 5667, AB DL: 5816
TF: 1, SLACK: 1480, REAL DL: 149
LEVEL: 2, step: 324117263, CLOCK: 648550786

========================================================
Finished Iteration: C
PREV: 0x80800e84, NEXT: 0xffc3bd08
PREV: 0xffc3bd08, NEXT: 0xffc3bd08
PREV: 0xffc3bd08, NEXT: 0xffc3bd08
PREV: 0xffc3bd08, NEXT: 0xffc3bd08
PREV: 0xffc3bd08, NEXT: 0xffc3bd08
PREV: 0xffc3bd08, NEXT: 0xffc3bd08
PREV: 0xffc3bd08, NEXT: 0xffc3bd08
PREV: 0xffc3bd08, NEXT: 0xffc3bd08
PREV: 0xffc3bd08, NEXT: 0xffc3bd08
PREV: 0xffc3bd08, NEXT: 0xffc3bd08
PREV: 0xffc3bd08, NEXT: 0xffc3bd08
PREV: 0xffc3bd08, NEXT: 0xffc3bd08
PREV: 0xffc3bd08, NEXT: 0xffc3bd08
PREV: 0xffc3bd08, NEXT: 0xffc3bd08
PREV: 0xffc3bd08, NEXT: 0xffc3bd08
AVERAGE EF: 0, _DEADLINE: 149
MIN FREQ: 316260
JOB RELEASEEEE: 0
JOB UTILIZATION: 1
PREV: 0xffc3bd08, NEXT: 0x80800e84

========================================================
CURRENT: 5816, START: 5816, AB DL: 5965
TF: 0, SLACK: 1490, REAL DL: 149
LEVEL: 1, step: 324117263, CLOCK: 324433523

========================================================
Finished Iteration: C
PREV: 0x80800e84, NEXT: 0xffc3bd08
PREV: 0xffc3bd08, NEXT: 0xffc3bd08
PREV: 0xffc3bd08, NEXT: 0xffc3bd08
PREV: 0xffc3bd08, NEXT: 0xffc3bd08
PREV: 0xffc3bd08, NEXT: 0xffc3bd08
PREV: 0xffc3bd08, NEXT: 0xffc3bd08
PREV: 0xffc3bd08, NEXT: 0xffc3bd08
PREV: 0xffc3bd08, NEXT: 0xffc3bd08
PREV: 0xffc3bd08, NEXT: 0xffc3bd08
PREV: 0xffc3bd08, NEXT: 0xffc3bd08
PREV: 0xffc3bd08, NEXT: 0xffc3bd08
PREV: 0xffc3bd08, NEXT: 0xffc3bd08
PREV: 0xffc3bd08, NEXT: 0xffc3bd08
PREV: 0xffc3bd08, NEXT: 0xffc3bd08
PREV: 0xffc3bd08, NEXT: 0xffc3bd08
AVERAGE EF: 0, _DEADLINE: 149
MIN FREQ: 316260
JOB RELEASEEEE: 0
JOB UTILIZATION: 2
PREV: 0xffc3bd08, NEXT: 0x80800e84

========================================================
CURRENT: 5965, START: 5965, AB DL: 6114
TF: 0, SLACK: 1490, REAL DL: 149
LEVEL: 1, step: 324117263, CLOCK: 324433523

========================================================
Finished Iteration: C
PREV: 0x80800e84, NEXT: 0xffc3bd08
PREV: 0xffc3bd08, NEXT: 0xffc3bd08
PREV: 0xffc3bd08, NEXT: 0xffc3bd08
PREV: 0xffc3bd08, NEXT: 0xffc3bd08
PREV: 0xffc3bd08, NEXT: 0xffc3bd08
PREV: 0xffc3bd08, NEXT: 0xffc3bd08
PREV: 0xffc3bd08, NEXT: 0xffc3bd08
PREV: 0xffc3bd08, NEXT: 0xffc3bd08
PREV: 0xffc3bd08, NEXT: 0xffc3bd08
PREV: 0xffc3bd08, NEXT: 0xffc3bd08
PREV: 0xffc3bd08, NEXT: 0xffc3bd08
PREV: 0xffc3bd08, NEXT: 0xffc3bd08
PREV: 0xffc3bd08, NEXT: 0xffc3bd08
PREV: 0xffc3bd08, NEXT: 0xffc3bd08
PREV: 0xffc3bd08, NEXT: 0xffc3bd08
AVERAGE EF: 0, _DEADLINE: 149
MIN FREQ: 316260
JOB RELEASEEEE: 0
JOB UTILIZATION: 2
PREV: 0xffc3bd08, NEXT: 0x80800e84

========================================================
CURRENT: 6114, START: 6114, AB DL: 6263
TF: 0, SLACK: 1490, REAL DL: 149
LEVEL: 1, step: 324117263, CLOCK: 324433523

========================================================
Finished Iteration: C
PREV: 0x80800e84, NEXT: 0xffc3bd08
PREV: 0xffc3bd08, NEXT: 0xffc3bd08
PREV: 0xffc3bd08, NEXT: 0xffc3bd08
PREV: 0xffc3bd08, NEXT: 0xffc3bd08
PREV: 0xffc3bd08, NEXT: 0xffc3bd08
PREV: 0xffc3bd08, NEXT: 0xffc3bd08
PREV: 0xffc3bd08, NEXT: 0xffc3bd08
PREV: 0xffc3bd08, NEXT: 0xffc3bd08
PREV: 0xffc3bd08, NEXT: 0xffc3bd08
PREV: 0xffc3bd08, NEXT: 0xffc3bd08
PREV: 0xffc3bd08, NEXT: 0xffc3bd08
PREV: 0xffc3bd08, NEXT: 0xffc3bd08
PREV: 0xffc3bd08, NEXT: 0xffc3bd08
PREV: 0xffc3bd08, NEXT: 0xffc3bd08
PREV: 0xffc3bd08, NEXT: 0xffc3bd08
AVERAGE EF: 0, _DEADLINE: 149
MIN FREQ: 316260
JOB RELEASEEEE: 0
JOB UTILIZATION: 2
PREV: 0xffc3bd08, NEXT: 0x80800e84

========================================================
CURRENT: 6263, START: 6263, AB DL: 6412
TF: 0, SLACK: 1490, REAL DL: 149
LEVEL: 1, step: 324117263, CLOCK: 324433523

========================================================
Finished Iteration: C
PREV: 0x80800e84, NEXT: 0xffc3bd08
PREV: 0xffc3bd08, NEXT: 0xffc3bd08
PREV: 0xffc3bd08, NEXT: 0xffc3bd08
PREV: 0xffc3bd08, NEXT: 0xffc3bd08
PREV: 0xffc3bd08, NEXT: 0xffc3bd08
PREV: 0xffc3bd08, NEXT: 0xffc3bd08
PREV: 0xffc3bd08, NEXT: 0xffc3bd08
PREV: 0xffc3bd08, NEXT: 0xffc3bd08
PREV: 0xffc3bd08, NEXT: 0xffc3bd08
PREV: 0xffc3bd08, NEXT: 0xffc3bd08
PREV: 0xffc3bd08, NEXT: 0xffc3bd08
PREV: 0xffc3bd08, NEXT: 0xffc3bd08
PREV: 0xffc3bd08, NEXT: 0xffc3bd08
PREV: 0xffc3bd08, NEXT: 0xffc3bd08
PREV: 0xffc3bd08, NEXT: 0xffc3bd08
AVERAGE EF: 0, _DEADLINE: 149
MIN FREQ: 316260
JOB RELEASEEEE: 0
JOB UTILIZATION: 1
PREV: 0xffc3bd08, NEXT: 0x80800e84

========================================================
CURRENT: 6412, START: 6412, AB DL: 6561
TF: 0, SLACK: 1490, REAL DL: 149
LEVEL: 1, step: 324117263, CLOCK: 324433523

========================================================
Finished Iteration: C
PREV: 0x80800e84, NEXT: 0xffc3bd08
PREV: 0xffc3bd08, NEXT: 0xffc3bd08
PREV: 0xffc3bd08, NEXT: 0xffc3bd08
PREV: 0xffc3bd08, NEXT: 0xffc3bd08
PREV: 0xffc3bd08, NEXT: 0xffc3bd08
PREV: 0xffc3bd08, NEXT: 0xffc3bd08
PREV: 0xffc3bd08, NEXT: 0xffc3bd08
PREV: 0xffc3bd08, NEXT: 0xffc3bd08
PREV: 0xffc3bd08, NEXT: 0xffc3bd08
PREV: 0xffc3bd08, NEXT: 0xffc3bd08
PREV: 0xffc3bd08, NEXT: 0xffc3bd08
PREV: 0xffc3bd08, NEXT: 0xffc3bd08
PREV: 0xffc3bd08, NEXT: 0xffc3bd08
PREV: 0xffc3bd08, NEXT: 0xffc3bd08
PREV: 0xffc3bd08, NEXT: 0xffc3bd08
AVERAGE EF: 0, _DEADLINE: 149
MIN FREQ: 316260
JOB RELEASEEEE: 0
JOB UTILIZATION: 0
PREV: 0xffc3bd08, NEXT: 0x80800e84

========================================================
CURRENT: 6561, START: 6561, AB DL: 6710
TF: 0, SLACK: 1490, REAL DL: 149
LEVEL: 1, step: 324117263, CLOCK: 324433523

========================================================
Finished Iteration: C
PREV: 0x80800e84, NEXT: 0xffc3bd08
PREV: 0xffc3bd08, NEXT: 0xffc3bd08
PREV: 0xffc3bd08, NEXT: 0xffc3bd08
PREV: 0xffc3bd08, NEXT: 0xffc3bd08
PREV: 0xffc3bd08, NEXT: 0xffc3bd08
PREV: 0xffc3bd08, NEXT: 0xffc3bd08
PREV: 0xffc3bd08, NEXT: 0xffc3bd08
PREV: 0xffc3bd08, NEXT: 0xffc3bd08
PREV: 0xffc3bd08, NEXT: 0xffc3bd08
PREV: 0xffc3bd08, NEXT: 0xffc3bd08
PREV: 0xffc3bd08, NEXT: 0xffc3bd08
PREV: 0xffc3bd08, NEXT: 0xffc3bd08
PREV: 0xffc3bd08, NEXT: 0xffc3bd08
PREV: 0xffc3bd08, NEXT: 0xffc3bd08
PREV: 0xffc3bd08, NEXT: 0xffc3bd08
AVERAGE EF: 0, _DEADLINE: 149
MIN FREQ: 316260
JOB RELEASEEEE: 0
JOB UTILIZATION: 0
PREV: 0xffc3bd08, NEXT: 0x80800e84

========================================================
CURRENT: 6710, START: 6710, AB DL: 6859
TF: 0, SLACK: 1490, REAL DL: 149
LEVEL: 1, step: 324117263, CLOCK: 324433523

========================================================
Finished Iteration: C
PREV: 0x80800e84, NEXT: 0xffc3bd08
PREV: 0xffc3bd08, NEXT: 0xffc3bd08
PREV: 0xffc3bd08, NEXT: 0xffc3bd08
PREV: 0xffc3bd08, NEXT: 0xffc3bd08
PREV: 0xffc3bd08, NEXT: 0xffc3bd08
PREV: 0xffc3bd08, NEXT: 0xffc3bd08
PREV: 0xffc3bd08, NEXT: 0xffc3bd08
PREV: 0xffc3bd08, NEXT: 0xffc3bd08
PREV: 0xffc3bd08, NEXT: 0xffc3bd08
PREV: 0xffc3bd08, NEXT: 0xffc3bd08
PREV: 0xffc3bd08, NEXT: 0xffc3bd08
PREV: 0xffc3bd08, NEXT: 0xffc3bd08
PREV: 0xffc3bd08, NEXT: 0xffc3bd08
PREV: 0xffc3bd08, NEXT: 0xffc3bd08
PREV: 0xffc3bd08, NEXT: 0xffc3bd08
AVERAGE EF: 0, _DEADLINE: 149
MIN FREQ: 316260
JOB RELEASEEEE: 0
JOB UTILIZATION: 4
PREV: 0xffc3bd08, NEXT: 0x80800e84

========================================================
CURRENT: 6859, START: 6859, AB DL: 7008
TF: 0, SLACK: 1490, REAL DL: 149
LEVEL: 1, step: 324117263, CLOCK: 324433523

========================================================
Finished Iteration: C
PREV: 0x80800e84, NEXT: 0xffc3bd08
PREV: 0xffc3bd08, NEXT: 0xffc3bd08
PREV: 0xffc3bd08, NEXT: 0xffc3bd08
PREV: 0xffc3bd08, NEXT: 0xffc3bd08
PREV: 0xffc3bd08, NEXT: 0xffc3bd08
PREV: 0xffc3bd08, NEXT: 0xffc3bd08
PREV: 0xffc3bd08, NEXT: 0xffc3bd08
PREV: 0xffc3bd08, NEXT: 0xffc3bd08
PREV: 0xffc3bd08, NEXT: 0xffc3bd08
PREV: 0xffc3bd08, NEXT: 0xffc3bd08
PREV: 0xffc3bd08, NEXT: 0xffc3bd08
PREV: 0xffc3bd08, NEXT: 0xffc3bd08
PREV: 0xffc3bd08, NEXT: 0xffc3bd08
PREV: 0xffc3bd08, NEXT: 0xffc3bd08
PREV: 0xffc3bd08, NEXT: 0xffc3bd08
AVERAGE EF: 0, _DEADLINE: 149
MIN FREQ: 316260
JOB RELEASEEEE: 0
JOB UTILIZATION: 1
PREV: 0xffc3bd08, NEXT: 0x80800e84

========================================================
CURRENT: 7008, START: 7008, AB DL: 7157
TF: 0, SLACK: 1490, REAL DL: 149
LEVEL: 1, step: 324117263, CLOCK: 324433523

========================================================
Finished Iteration: C
PREV: 0x80800e84, NEXT: 0xffc3bd08
PREV: 0xffc3bd08, NEXT: 0xffc3bd08
PREV: 0xffc3bd08, NEXT: 0xffc3bd08
PREV: 0xffc3bd08, NEXT: 0xffc3bd08
PREV: 0xffc3bd08, NEXT: 0xffc3bd08
PREV: 0xffc3bd08, NEXT: 0xffc3bd08
PREV: 0xffc3bd08, NEXT: 0xffc3bd08
PREV: 0xffc3bd08, NEXT: 0xffc3bd08
PREV: 0xffc3bd08, NEXT: 0xffc3bd08
PREV: 0xffc3bd08, NEXT: 0xffc3bd08
PREV: 0xffc3bd08, NEXT: 0xffc3bd08
PREV: 0xffc3bd08, NEXT: 0xffc3bd08
PREV: 0xffc3bd08, NEXT: 0xffc3bd08
PREV: 0xffc3bd08, NEXT: 0xffc3bd08
PREV: 0xffc3bd08, NEXT: 0xffc3bd08
AVERAGE EF: 0, _DEADLINE: 149
MIN FREQ: 316260
JOB RELEASEEEE: 0
JOB UTILIZATION: 2
PREV: 0xffc3bd08, NEXT: 0x80800e84

========================================================
CURRENT: 7157, START: 7157, AB DL: 7306
TF: 0, SLACK: 1490, REAL DL: 149
LEVEL: 1, step: 324117263, CLOCK: 324433523

========================================================
Finished Iteration: C
PREV: 0x80800e84, NEXT: 0xffc3bd08
PREV: 0xffc3bd08, NEXT: 0xffc3bd08
PREV: 0xffc3bd08, NEXT: 0xffc3bd08
PREV: 0xffc3bd08, NEXT: 0xffc3bd08
PREV: 0xffc3bd08, NEXT: 0xffc3bd08
PREV: 0xffc3bd08, NEXT: 0xffc3bd08
PREV: 0xffc3bd08, NEXT: 0xffc3bd08
PREV: 0xffc3bd08, NEXT: 0xffc3bd08
PREV: 0xffc3bd08, NEXT: 0xffc3bd08
PREV: 0xffc3bd08, NEXT: 0xffc3bd08
PREV: 0xffc3bd08, NEXT: 0xffc3bd08
PREV: 0xffc3bd08, NEXT: 0xffc3bd08
PREV: 0xffc3bd08, NEXT: 0xffc3bd08
PREV: 0xffc3bd08, NEXT: 0xffc3bd08
PREV: 0xffc3bd08, NEXT: 0xffc3bd08
AVERAGE EF: 0, _DEADLINE: 149
MIN FREQ: 316260
JOB RELEASEEEE: 0
JOB UTILIZATION: 1
PREV: 0xffc3bd08, NEXT: 0x80800e84

========================================================
CURRENT: 7306, START: 7306, AB DL: 7455
TF: 0, SLACK: 1490, REAL DL: 149
LEVEL: 1, step: 324117263, CLOCK: 324433523

========================================================
Finished Iteration: C
PREV: 0x80800e84, NEXT: 0xffc3bd08
PREV: 0xffc3bd08, NEXT: 0xffc3bd08
PREV: 0xffc3bd08, NEXT: 0xffc3bd08
PREV: 0xffc3bd08, NEXT: 0xffc3bd08
PREV: 0xffc3bd08, NEXT: 0xffc3bd08
PREV: 0xffc3bd08, NEXT: 0xffc3bd08
PREV: 0xffc3bd08, NEXT: 0xffc3bd08
PREV: 0xffc3bd08, NEXT: 0xffc3bd08
PREV: 0xffc3bd08, NEXT: 0xffc3bd08
PREV: 0xffc3bd08, NEXT: 0xffc3bd08
PREV: 0xffc3bd08, NEXT: 0xffc3bd08
PREV: 0xffc3bd08, NEXT: 0xffc3bd08
PREV: 0xffc3bd08, NEXT: 0xffc3bd08
PREV: 0xffc3bd08, NEXT: 0xffc3bd08
PREV: 0xffc3bd08, NEXT: 0xffc3bd08
AVERAGE EF: 0, _DEADLINE: PREV: 0xffc3bd08, NEXT: 0xffc3bd08
149
MIN FREQ: 316260
JOB RELEASEEEE: 0
JOB UTILIZATION: 0
PREV: 0xffc3bd08, NEXT: 0x80800e84

========================================================
CURRENT: 7458, START: 7455, AB DL: 7604
TF: 1, SLACK: 1460, REAL DL: 149
LEVEL: 2, step: 324117263, CLOCK: 648550786

========================================================
Finished Iteration: C
PREV: 0x80800e84, NEXT: 0xffc3bd08
PREV: 0xffc3bd08, NEXT: 0xffc3bd08
PREV: 0xffc3bd08, NEXT: 0xffc3bd08
PREV: 0xffc3bd08, NEXT: 0xffc3bd08
PREV: 0xffc3bd08, NEXT: 0xffc3bd08
PREV: 0xffc3bd08, NEXT: 0xffc3bd08
PREV: 0xffc3bd08, NEXT: 0xffc3bd08
PREV: 0xffc3bd08, NEXT: 0xffc3bd08
PREV: 0xffc3bd08, NEXT: 0xffc3bd08
PREV: 0xffc3bd08, NEXT: 0xffc3bd08
PREV: 0xffc3bd08, NEXT: 0xffc3bd08
PREV: 0xffc3bd08, NEXT: 0xffc3bd08
PREV: 0xffc3bd08, NEXT: 0xffc3bd08
PREV: 0xffc3bd08, NEXT: 0xffc3bd08
PREV: 0xffc3bd08, NEXT: 0xffc3bd08
AVERAGE EF: 0, _DEADLINE: 149
MIN FREQ: 316260
JOB RELEASEEEE: 0
JOB UTILIZATION: 3
PREV: 0xffc3bd08, NEXT: 0x80800e84

========================================================
CURRENT: 7604, START: 7604, AB DL: 7753
TF: 0, SLACK: 1490, REAL DL: 149
LEVEL: 1, step: 324117263, CLOCK: 324433523

========================================================
Finished Iteration: C
PREV: 0x80800e84, NEXT: 0xffc3bd08
PREV: 0xffc3bd08, NEXT: 0xffc3bd08
PREV: 0xffc3bd08, NEXT: 0xffc3bd08
PREV: 0xffc3bd08, NEXT: 0xffc3bd08
PREV: 0xffc3bd08, NEXT: 0xffc3bd08
PREV: 0xffc3bd08, NEXT: 0xffc3bd08
PREV: 0xffc3bd08, NEXT: 0xffc3bd08
PREV: 0xffc3bd08, NEXT: 0xffc3bd08
PREV: 0xffc3bd08, NEXT: 0xffc3bd08
PREV: 0xffc3bd08, NEXT: 0xffc3bd08
PREV: 0xffc3bd08, NEXT: 0xffc3bd08
PREV: 0xffc3bd08, NEXT: 0xffc3bd08
PREV: 0xffc3bd08, NEXT: 0xffc3bd08
PREV: 0xffc3bd08, NEXT: 0xffc3bd08
PREV: 0xffc3bd08, NEXT: 0xffc3bd08
AVERAGE EF: 0, _DEADLINE: 149
MIN FREQ: 316260
JOB RELEASEEEE: 0
JOB UTILIZATION: 0
PREV: 0xffc3bd08, NEXT: 0x80800e84

========================================================
CURRENT: 7753, START: 7753, AB DL: 7902
TF: 0, SLACK: 1490, REAL DL: 149
LEVEL: 1, step: 324117263, CLOCK: 324433523

========================================================
Finished Iteration: C
PREV: 0x80800e84, NEXT: 0xffc3bd08
PREV: 0xffc3bd08, NEXT: 0xffc3bd08
PREV: 0xffc3bd08, NEXT: 0xffc3bd08
PREV: 0xffc3bd08, NEXT: 0xffc3bd08
PREV: 0xffc3bd08, NEXT: 0xffc3bd08
PREV: 0xffc3bd08, NEXT: 0xffc3bd08
PREV: 0xffc3bd08, NEXT: 0xffc3bd08
PREV: 0xffc3bd08, NEXT: 0xffc3bd08
PREV: 0xffc3bd08, NEXT: 0xffc3bd08
PREV: 0xffc3bd08, NEXT: 0xffc3bd08
PREV: 0xffc3bd08, NEXT: 0xffc3bd08
PREV: 0xffc3bd08, NEXT: 0xffc3bd08
PREV: 0xffc3bd08, NEXT: 0xffc3bd08
PREV: 0xffc3bd08, NEXT: 0xffc3bd08
PREV: 0xffc3bd08, NEXT: 0xffc3bd08
AVERAGE EF: 0, _DEADLINE: 149
MIN FREQ: 316260
JOB RELEASEEEE: 0
JOB UTILIZATION: 0
PREV: 0xffc3bd08, NEXT: 0x80800e84

========================================================
CURRENT: 7902, START: 7902, AB DL: 8051
TF: 0, SLACK: 1490, REAL DL: 149
LEVEL: 1, step: 324117263, CLOCK: 324433523

========================================================
Finished Iteration: C
PREV: 0x80800e84, NEXT: 0xffc3bd08
PREV: 0xffc3bd08, NEXT: 0xffc3bd08
PREV: 0xffc3bd08, NEXT: 0xffc3bd08
PREV: 0xffc3bd08, NEXT: 0xffc3bd08
PREV: 0xffc3bd08, NEXT: 0xffc3bd08
PREV: 0xffc3bd08, NEXT: 0xffc3bd08
PREV: 0xffc3bd08, NEXT: 0xffc3bd08
PREV: 0xffc3bd08, NEXT: 0xffc3bd08
PREV: 0xffc3bd08, NEXT: 0xffc3bd08
PREV: 0xffc3bd08, NEXT: 0xffc3bd08
PREV: 0xffc3bd08, NEXT: 0xffc3bd08
PREV: 0xffc3bd08, NEXT: 0xffc3bd08
PREV: 0xffc3bd08, NEXT: 0xffc3bd08
PREV: 0xffc3bd08, NEXT: 0xffc3bd08
PREV: 0xffc3bd08, NEXT: 0xffc3bd08
AVERAGE EF: 0, _DEADLINE: 149
MIN FREQ: 316260
JOB RELEASEEEE: 0
JOB UTILIZATION: 1
PREV: 0xffc3bd08, NEXT: 0x80800e84

========================================================
CURRENT: 8051, START: 8051, AB DL: 8200
TF: 0, SLACK: 1490, REAL DL: 149
LEVEL: 1, step: 324117263, CLOCK: 324433523

========================================================
Finished Iteration: C
PREV: 0x80800e84, NEXT: 0xffc3bd08
PREV: 0xffc3bd08, NEXT: 0xffc3bd08
PREV: 0xffc3bd08, NEXT: 0xffc3bd08
PREV: 0xffc3bd08, NEXT: 0xffc3bd08
PREV: 0xffc3bd08, NEXT: 0xffc3bd08
PREV: 0xffc3bd08, NEXT: 0xffc3bd08
PREV: 0xffc3bd08, NEXT: 0xffc3bd08
PREV: 0xffc3bd08, NEXT: 0xffc3bd08
PREV: 0xffc3bd08, NEXT: 0xffc3bd08
PREV: 0xffc3bd08, NEXT: 0xffc3bd08
PREV: 0xffc3bd08, NEXT: 0xffc3bd08
PREV: 0xffc3bd08, NEXT: 0xffc3bd08
PREV: 0xffc3bd08, NEXT: 0xffc3bd08
PREV: 0xffc3bd08, NEXT: 0xffc3bd08
PREV: 0xffc3bd08, NEXT: 0xffc3bd08
AVERAGE EF: 0, _DEADLINE: 149
MIN FREQ: 316260
JOB RELEASEEEE: 0
JOB UTILIZATION: 0
PREV: 0xffc3bd08, NEXT: 0x80800e84

========================================================
CURRENT: 8200, START: 8200, AB DL: 8349
TF: 0, SLACK: 1490, REAL DL: 149
LEVEL: 1, step: 324117263, CLOCK: 324433523

========================================================
Finished Iteration: C
PREV: 0x80800e84, NEXT: 0xffc3bd08
PREV: 0xffc3bd08, NEXT: 0xffc3bd08
PREV: 0xffc3bd08, NEXT: 0xffc3bd08
PREV: 0xffc3bd08, NEXT: 0xffc3bd08
PREV: 0xffc3bd08, NEXT: 0xffc3bd08
PREV: 0xffc3bd08, NEXT: 0xffc3bd08
PREV: 0xffc3bd08, NEXT: 0xffc3bd08
PREV: 0xffc3bd08, NEXT: 0xffc3bd08
PREV: 0xffc3bd08, NEXT: 0xffc3bd08
PREV: 0xffc3bd08, NEXT: 0xffc3bd08
PREV: 0xffc3bd08, NEXT: 0xffc3bd08
PREV: 0xffc3bd08, NEXT: 0xffc3bd08
PREV: 0xffc3bd08, NEXT: 0xffc3bd08
PREV: 0xffc3bd08, NEXT: 0xffc3bd08
PREV: 0xffc3bd08, NEXT: 0xffc3bd08
AVERAGE EF: 0, _DEADLINE: 149
MIN FREQ: 316260
JOB RELEASEEEE: 0
JOB UTILIZATION: 0
PREV: 0xffc3bd08, NEXT: 0x80800e84

========================================================
CURRENT: 8349, START: 8349, AB DL: 8498
TF: 0, SLACK: 1490, REAL DL: 149
LEVEL: 1, step: 324117263, CLOCK: 324433523

========================================================
Finished Iteration: C
PREV: 0x80800e84, NEXT: 0xffc3bd08
PREV: 0xffc3bd08, NEXT: 0xffc3bd08
PREV: 0xffc3bd08, NEXT: 0xffc3bd08
PREV: 0xffc3bd08, NEXT: 0xffc3bd08
PREV: 0xffc3bd08, NEXT: 0xffc3bd08
PREV: 0xffc3bd08, NEXT: 0xffc3bd08
PREV: 0xffc3bd08, NEXT: 0xffc3bd08
PREV: 0xffc3bd08, NEXT: 0xffc3bd08
PREV: 0xffc3bd08, NEXT: 0xffc3bd08
PREV: 0xffc3bd08, NEXT: 0xffc3bd08
PREV: 0xffc3bd08, NEXT: 0xffc3bd08
PREV: 0xffc3bd08, NEXT: 0xffc3bd08
PREV: 0xffc3bd08, NEXT: 0xffc3bd08
PREV: 0xffc3bd08, NEXT: 0xffc3bd08
PREV: 0xffc3bd08, NEXT: 0xffc3bd08
AVERAGE EF: 0, _DEADLINE: 149
MIN FREQ: 316260
JOB RELEASEEEE: 0
JOB UTILIZATION: 1
PREV: 0xffc3bd08, NEXT: 0x80800e84

========================================================
CURRENT: 8498, START: 8498, AB DL: 8647
TF: 0, SLACK: 1490, REAL DL: 149
LEVEL: 1, step: 324117263, CLOCK: 324433523

========================================================
Finished Iteration: C
PREV: 0x80800e84, NEXT: 0xffc3bd08
PREV: 0xffc3bd08, NEXT: 0xffc3bd08
PREV: 0xffc3bd08, NEXT: 0xffc3bd08
PREV: 0xffc3bd08, NEXT: 0xffc3bd08
PREV: 0xffc3bd08, NEXT: 0xffc3bd08
PREV: 0xffc3bd08, NEXT: 0xffc3bd08
PREV: 0xffc3bd08, NEXT: 0xffc3bd08
PREV: 0xffc3bd08, NEXT: 0xffc3bd08
PREV: 0xffc3bd08, NEXT: 0xffc3bd08
PREV: 0xffc3bd08, NEXT: 0xffc3bd08
PREV: 0xffc3bd08, NEXT: 0xffc3bd08
PREV: 0xffc3bd08, NEXT: 0xffc3bd08
PREV: 0xffc3bd08, NEXT: 0xffc3bd08
PREV: 0xffc3bd08, NEXT: 0xffc3bd08
PREV: 0xffc3bd08, NEXT: 0xffc3bd08
AVERAGE EF: 0, _DEADLINE: 149
MIN FREQ: 316260
JOB RELEASEEEE: 0
JOB UTILIZATION: 1
PREV: 0xffc3bd08, NEXT: 0x80800e84

========================================================
CURRENT: 8647, START: 8647, AB DL: 8796
TF: 0, SLACK: 1490, REAL DL: 149
LEVEL: 1, step: 324117263, CLOCK: 324433523

========================================================
Finished Iteration: C
PREV: 0x80800e84, NEXT: 0xffc3bd08
PREV: 0xffc3bd08, NEXT: 0xffc3bd08
PREV: 0xffc3bd08, NEXT: 0xffc3bd08
PREV: 0xffc3bd08, NEXT: 0xffc3bd08
PREV: 0xffc3bd08, NEXT: 0xffc3bd08
PREV: 0xffc3bd08, NEXT: 0xffc3bd08
PREV: 0xffc3bd08, NEXT: 0xffc3bd08
PREV: 0xffc3bd08, NEXT: 0xffc3bd08
PREV: 0xffc3bd08, NEXT: 0xffc3bd08
PREV: 0xffc3bd08, NEXT: 0xffc3bd08
PREV: 0xffc3bd08, NEXT: 0xffc3bd08
PREV: 0xffc3bd08, NEXT: 0xffc3bd08
PREV: 0xffc3bd08, NEXT: 0xffc3bd08
PREV: 0xffc3bd08, NEXT: 0xffc3bd08
PREV: 0xffc3bd08, NEXT: 0xffc3bd08
AVERAGE EF: 0, _DEADLINE: 149
MIN FREQ: 316260
JOB RELEASEEEE: 0
JOB UTILIZATION: 1
PREV: 0xffc3bd08, NEXT: 0x80800e84

========================================================
CURRENT: 8796, START: 8796, AB DL: 8945
TF: 0, SLACK: 1490, REAL DL: 149
LEVEL: 1, step: 324117263, CLOCK: 324433523

========================================================
Finished Iteration: C
PREV: 0x80800e84, NEXT: 0xffc3bd08
PREV: 0xffc3bd08, NEXT: 0xffc3bd08
PREV: 0xffc3bd08, NEXT: 0xffc3bd08
PREV: 0xffc3bd08, NEXT: 0xffc3bd08
PREV: 0xffc3bd08, NEXT: 0xffc3bd08
PREV: 0xffc3bd08, NEXT: 0xffc3bd08
PREV: 0xffc3bd08, NEXT: 0xffc3bd08
PREV: 0xffc3bd08, NEXT: 0xffc3bd08
PREV: 0xffc3bd08, NEXT: 0xffc3bd08
PREV: 0xffc3bd08, NEXT: 0xffc3bd08
PREV: 0xffc3bd08, NEXT: 0xffc3bd08
PREV: 0xffc3bd08, NEXT: 0xffc3bd08
PREV: 0xffc3bd08, NEXT: 0xffc3bd08
PREV: 0xffc3bd08, NEXT: 0xffc3bd08
PREV: 0xffc3bd08, NEXT: 0xffc3bd08
AVERAGE EF: 0, _DEADLINE: 149
MIN FREQ: 316260
JOB RELEASEEEE: 0
JOB UTILIZATION: 1
PREV: 0xffc3bd08, NEXT: 0x80800e84

========================================================
CURRENT: 8945, START: 8945, AB DL: 9094
TF: 0, SLACK: 1490, REAL DL: 149
LEVEL: 1, step: 324117263, CLOCK: 324433523

========================================================
Finished Iteration: C
PREV: 0x80800e84, NEXT: 0xffc3bd08
PREV: 0xffc3bd08, NEXT: 0xffc3bd08
PREV: 0xffc3bd08, NEXT: 0xffc3bd08
PREV: 0xffc3bd08, NEXT: 0xffc3bd08
PREV: 0xffc3bd08, NEXT: 0xffc3bd08
PREV: 0xffc3bd08, NEXT: 0xffc3bd08
PREV: 0xffc3bd08, NEXT: 0xffc3bd08
PREV: 0xffc3bd08, NEXT: 0xffc3bd08
PREV: 0xffc3bd08, NEXT: 0xffc3bd08
PREV: 0xffc3bd08, NEXT: 0xffc3bd08
PREV: 0xffc3bd08, NEXT: 0xffc3bd08
PREV: 0xffc3bd08, NEXT: 0xffc3bd08
PREV: 0xffc3bd08, NEXT: 0xffc3bd08
PREV: 0xffc3bd08, NEXT: 0xffc3bd08
PREV: 0xffc3bd08, NEXT: 0xffc3bd08
AVERAGE EF: 0, _DEADLINE: 149
MIN FREQ: 316260
JOB RELEASEEEE: 0
JOB UTILIZATION: 1
PREV: 0xffc3bd08, NEXT: 0x80800e84

========================================================
CURRENT: 9094, START: 9094, AB DL: 9243
TF: 0, SLACK: 1490, REAL DL: 149
LEVEL: 1, step: 324117263, CLOCK: 324433523

========================================================
Finished Iteration: C
PREV: 0x80800e84, NEXT: 0xffc3bd08
PREV: 0xffc3bd08, NEXT: 0xffc3bd08
PREV: 0xffc3bd08, NEXT: 0xffc3bd08
PREV: 0xffc3bd08, NEXT: 0xffc3bd08
PREV: 0xffc3bd08, NEXT: 0xffc3bd08
PREV: 0xffc3bd08, NEXT: 0xffc3bd08
PREV: 0xffc3bd08, NEXT: 0xffc3bd08
PREV: 0xffc3bd08, NEXT: 0xffc3bd08
PREV: 0xffc3bd08, NEXT: 0xffc3bd08
PREV: 0xffc3bd08, NEXT: 0xffc3bd08
PREV: 0xffc3bd08, NEXT: 0xffc3bd08
PREV: 0xffc3bd08, NEXT: 0xffc3bd08
PREV: 0xffc3bd08, NEXT: 0xffc3bd08
PREV: 0xffc3bd08, NEXT: 0xffc3bd08
PREV: 0xffc3bd08, NEXT: 0xffc3bd08
AVERAGE EF: 0, _DEADLINE: 149
MIN FREQ: 316260
JOB RELEASEEEE: 0
JOB UTILIZATION: 0
PREV: 0xffc3bd08, NEXT: 0x80800e84

========================================================
CURRENT: 9243, START: 9243, AB DL: 9392
TF: 0, SLACK: 1490, REAL DL: 149
LEVEL: 1, step: 324117263, CLOCK: 324433523

========================================================
Finished Iteration: C
PREV: 0x80800e84, NEXT: 0xffc3bd08
PREV: 0xffc3bd08, NEXT: 0xffc3bd08
PREV: 0xffc3bd08, NEXT: 0xffc3bd08
PREV: 0xffc3bd08, NEXT: 0xffc3bd08
PREV: 0xffc3bd08, NEXT: 0xffc3bd08
PREV: 0xffc3bd08, NEXT: 0xffc3bd08
PREV: 0xffc3bd08, NEXT: 0xffc3bd08
PREV: 0xffc3bd08, NEXT: 0xffc3bd08
PREV: 0xffc3bd08, NEXT: 0xffc3bd08
PREV: 0xffc3bd08, NEXT: 0xffc3bd08
PREV: 0xffc3bd08, NEXT: 0xffc3bd08
PREV: 0xffc3bd08, NEXT: 0xffc3bd08
PREV: 0xffc3bd08, NEXT: 0xffc3bd08
PREV: 0xffc3bd08, NEXT: 0xffc3bd08
PREV: 0xffc3bd08, NEXT: 0xffc3bd08
AVERAGE EF: 0, _DEADLINE: 149
MIN FREQ: 316260
JOB RELEASEEEE: 0
JOB UTILIZATION: 3
PREV: 0xffc3bd08, NEXT: 0x80800e84

========================================================
CURRENT: 9392, START: 9392, AB DL: 9541
TF: 0, SLACK: 1490, REAL DL: 149
LEVEL: 1, step: 324117263, CLOCK: 324433523

========================================================
Finished Iteration: C
PREV: 0x80800e84, NEXT: 0xffc3bd08
PREV: 0xffc3bd08, NEXT: 0xffc3bd08
PREV: 0xffc3bd08, NEXT: 0xffc3bd08
PREV: 0xffc3bd08, NEXT: 0xffc3bd08
PREV: 0xffc3bd08, NEXT: 0xffc3bd08
PREV: 0xffc3bd08, NEXT: 0xffc3bd08
PREV: 0xffc3bd08, NEXT: 0xffc3bd08
PREV: 0xffc3bd08, NEXT: 0xffc3bd08
PREV: 0xffc3bd08, NEXT: 0xffc3bd08
PREV: 0xffc3bd08, NEXT: 0xffc3bd08
PREV: 0xffc3bd08, NEXT: 0xffc3bd08
PREV: 0xffc3bd08, NEXT: 0xffc3bd08
PREV: 0xffc3bd08, NEXT: 0xffc3bd08
PREV: 0xffc3bd08, NEXT: 0xffc3bd08
PREV: 0xffc3bd08, NEXT: 0xffc3bd08
AVERAGE EF: 0, _DEADLINE: 149
MIN FREQ: 316260
JOB RELEASEEEE: 0
JOB UTILIZATION: 2
PREV: 0xffc3bd08, NEXT: 0x80800e84

========================================================
CURRENT: 9541, START: 9541, AB DL: 9690
TF: 0, SLACK: 1490, REAL DL: 149
LEVEL: 1, step: 324117263, CLOCK: 324433523

========================================================
Finished Iteration: C
PREV: 0x80800e84, NEXT: 0xffc3bd08
PREV: 0xffc3bd08, NEXT: 0xffc3bd08
PREV: 0xffc3bd08, NEXT: 0xffc3bd08
PREV: 0xffc3bd08, NEXT: 0xffc3bd08
PREV: 0xffc3bd08, NEXT: 0xffc3bd08
PREV: 0xffc3bd08, NEXT: 0xffc3bd08
PREV: 0xffc3bd08, NEXT: 0xffc3bd08
PREV: 0xffc3bd08, NEXT: 0xffc3bd08
PREV: 0xffc3bd08, NEXT: 0xffc3bd08
PREV: 0xffc3bd08, NEXT: 0xffc3bd08
PREV: 0xffc3bd08, NEXT: 0xffc3bd08
PREV: 0xffc3bd08, NEXT: 0xffc3bd08
PREV: 0xffc3bd08, NEXT: 0xffc3bd08
PREV: 0xffc3bd08, NEXT: 0xffc3bd08
PREV: 0xffc3bd08, NEXT: 0xffc3bd08
AVERAGE EF: 0, _DEADLINE: 149
MIN FREQ: 316260
JOB RELEASEEEE: 0
JOB UTILIZATION: 1
PREV: 0xffc3bd08, NEXT: 0x80800e84

========================================================
CURRENT: 9690, START: 9690, AB DL: 9839
TF: 0, SLACK: 1490, REAL DL: 149
LEVEL: 1, step: 324117263, CLOCK: 324433523

========================================================
Finished Iteration: C
PREV: 0x80800e84, NEXT: 0xffc3bd08
PREV: 0xffc3bd08, NEXT: 0xffc3bd08
PREV: 0xffc3bd08, NEXT: 0xffc3bd08
PREV: 0xffc3bd08, NEXT: 0xffc3bd08
PREV: 0xffc3bd08, NEXT: 0xffc3bd08
PREV: 0xffc3bd08, NEXT: 0xffc3bd08
PREV: 0xffc3bd08, NEXT: 0xffc3bd08
PREV: 0xffc3bd08, NEXT: 0xffc3bd08
PREV: 0xffc3bd08, NEXT: 0xffc3bd08
PREV: 0xffc3bd08, NEXT: 0xffc3bd08
PREV: 0xffc3bd08, NEXT: 0xffc3bd08
PREV: 0xffc3bd08, NEXT: 0xffc3bd08
PREV: 0xffc3bd08, NEXT: 0xffc3bd08
PREV: 0xffc3bd08, NEXT: 0xffc3bd08
PREV: 0xffc3bd08, NEXT: 0xffc3bd08
AVERAGE EF: 0, _DEADLINE: 149
MIN FREQ: 316260
JOB RELEASEEEE: 0
JOB UTILIZATION: 1
PREV: 0xffc3bd08, NEXT: 0x80800e84

========================================================
CURRENT: 9839, START: 9839, AB DL: 9988
TF: 0, SLACK: 1490, REAL DL: 149
LEVEL: 1, step: 324117263, CLOCK: 324433523

========================================================
Finished Iteration: C
PREV: 0x80800e84, NEXT: 0xffc3bd08
PREV: 0xffc3bd08, NEXT: 0xffc3bd08
PREV: 0xffc3bd08, NEXT: 0xffc3bd08
PREV: 0xffc3bd08, NEXT: 0xffc3bd08
PREV: 0xffc3bd08, NEXT: 0xffc3bd08
PREV: 0xffc3bd08, NEXT: 0xffc3bd08
PREV: 0xffc3bd08, NEXT: 0xffc3bd08
PREV: 0xffc3bd08, NEXT: 0xffc3bd08
PREV: 0xffc3bd08, NEXT: 0xffc3bd08
PREV: 0xffc3bd08, NEXT: 0xffc3bd08
PREV: 0xffc3bd08, NEXT: 0xffc3bd08
PREV: 0xffc3bd08, NEXT: 0xffc3bd08
PREV: 0xffc3bd08, NEXT: 0xffc3bd08
PREV: 0xffc3bd08, NEXT: 0xffc3bd08
PREV: 0xffc3bd08, NEXT: 0xffc3bd08
AVERAGE EF: 0, _DEADLINE: 149
MIN FREQ: 316260
JOB RELEASEEEE: 0
JOB UTILIZATION: 3
PREV: 0xffc3bd08, NEXT: 0x80800e84

========================================================
CURRENT: 9988, START: 9988, AB DL: 10137
TF: 0, SLACK: 1490, REAL DL: 149
LEVEL: 1, step: 324117263, CLOCK: 324433523

========================================================
Finished Iteration: C
PREV: 0x80800e84, NEXT: 0xffc3bd08
PREV: 0xffc3bd08, NEXT: 0xffc3bd08
PREV: 0xffc3bd08, NEXT: 0xffc3bd08
PREV: 0xffc3bd08, NEXT: 0xffc3bd08
PREV: 0xffc3bd08, NEXT: 0xffc3bd08
PREV: 0xffc3bd08, NEXT: 0xffc3bd08
PREV: 0xffc3bd08, NEXT: 0xffc3bd08
PREV: 0xffc3bd08, NEXT: 0xffc3bd08
PREV: 0xffc3bd08, NEXT: 0xffc3bd08
PREV: 0xffc3bd08, NEXT: 0xffc3bd08
PREV: 0xffc3bd08, NEXT: 0xffc3bd08
PREV: 0xffc3bd08, NEXT: 0xffc3bd08
PREV: 0xffc3bd08, NEXT: 0xffc3bd08
PREV: 0xffc3bd08, NEXT: 0xffc3bd08
PREV: 0xffc3bd08, NEXT: 0xffc3bd08
AVERAGE EF: 0, _DEADLINE: 149
MIN FREQ: 316260
JOB RELEASEEEE: 0
JOB UTILIZATION: 0
PREV: 0xffc3bd08, NEXT: 0x80800e84

========================================================
CURRENT: 10137, START: 10137, AB DL: 10286
TF: 0, SLACK: 1490, REAL DL: 149
LEVEL: 1, step: 324117263, CLOCK: 324433523

========================================================
Finished Iteration: C
PREV: 0x80800e84, NEXT: 0xffc3bd08
PREV: 0xffc3bd08, NEXT: 0xffc3bd08
PREV: 0xffc3bd08, NEXT: 0xffc3bd08
PREV: 0xffc3bd08, NEXT: 0xffc3bd08
PREV: 0xffc3bd08, NEXT: 0xffc3bd08
PREV: 0xffc3bd08, NEXT: 0xffc3bd08
PREV: 0xffc3bd08, NEXT: 0xffc3bd08
PREV: 0xffc3bd08, NEXT: 0xffc3bd08
PREV: 0xffc3bd08, NEXT: 0xffc3bd08
PREV: 0xffc3bd08, NEXT: 0xffc3bd08
PREV: 0xffc3bd08, NEXT: 0xffc3bd08
PREV: 0xffc3bd08, NEXT: 0xffc3bd08
PREV: 0xffc3bd08, NEXT: 0xffc3bd08
PREV: 0xffc3bd08, NEXT: 0xffc3bd08
PREV: 0xffc3bd08, NEXT: 0xffc3bd08
AVERAGE EF: 0, _DEADLINE: 149
MIN FREQ: 316260
JOB RELEASEEEE: 0
JOB UTILIZATION: 2
PREV: 0xffc3bd08, NEXT: 0x80800e84

========================================================
CURRENT: 10286, START: 10286, AB DL: 10435
TF: 0, SLACK: 1490, REAL DL: 149
LEVEL: 1, step: 324117263, CLOCK: 324433523

========================================================
Finished Iteration: C
PREV: 0x80800e84, NEXT: 0xffc3bd08
PREV: 0xffc3bd08, NEXT: 0xffc3bd08
PREV: 0xffc3bd08, NEXT: 0xffc3bd08
PREV: 0xffc3bd08, NEXT: 0xffc3bd08
PREV: 0xffc3bd08, NEXT: 0xffc3bd08
PREV: 0xffc3bd08, NEXT: 0xffc3bd08
PREV: 0xffc3bd08, NEXT: 0xffc3bd08
PREV: 0xffc3bd08, NEXT: 0xffc3bd08
PREV: 0xffc3bd08, NEXT: 0xffc3bd08
PREV: 0xffc3bd08, NEXT: 0xffc3bd08
PREV: 0xffc3bd08, NEXT: 0xffc3bd08
PREV: 0xffc3bd08, NEXT: 0xffc3bd08
PREV: 0xffc3bd08, NEXT: 0xffc3bd08
PREV: 0xffc3bd08, NEXT: 0xffc3bd08
PREV: 0xffc3bd08, NEXT: 0xffc3bd08
AVERAGE EF: 0, _DEADLINE: 149
MIN FREQ: 316260
JOB RELEASEEEE: 0
JOB UTILIZATION: 0
PREV: 0xffc3bd08, NEXT: 0x80800e84

========================================================
CURRENT: 10435, START: 10435, AB DL: 10584
TF: 0, SLACK: 1490, REAL DL: 149
LEVEL: 1, step: 324117263, CLOCK: 324433523

========================================================
Finished Iteration: C
PREV: 0x80800e84, NEXT: 0xffc3bd08
PREV: 0xffc3bd08, NEXT: 0xffc3bd08
PREV: 0xffc3bd08, NEXT: 0xffc3bd08
PREV: 0xffc3bd08, NEXT: 0xffc3bd08
PREV: 0xffc3bd08, NEXT: 0xffc3bd08
PREV: 0xffc3bd08, NEXT: 0xffc3bd08
PREV: 0xffc3bd08, NEXT: 0xffc3bd08
PREV: 0xffc3bd08, NEXT: 0xffc3bd08
PREV: 0xffc3bd08, NEXT: 0xffc3bd08
PREV: 0xffc3bd08, NEXT: 0xffc3bd08
PREV: 0xffc3bd08, NEXT: 0xffc3bd08
PREV: 0xffc3bd08, NEXT: 0xffc3bd08
PREV: 0xffc3bd08, NEXT: 0xffc3bd08
PREV: 0xffc3bd08, NEXT: 0xffc3bd08
PREV: 0xffc3bd08, NEXT: 0xffc3bd08
AVERAGE EF: 0, _DEADLINE: 149
MIN FREQ: 316260
JOB RELEASEEEE: 0
JOB UTILIZATION: 1
PREV: 0xffc3bd08, NEXT: 0x80800e84

========================================================
CURRENT: 10584, START: 10584, AB DL: 10733
TF: 0, SLACK: 1490, REAL DL: 149
LEVEL: 1, step: 324117263, CLOCK: 324433523

========================================================
Finished Iteration: C
PREV: 0x80800e84, NEXT: 0xffc3bd08
PREV: 0xffc3bd08, NEXT: 0xffc3bd08
PREV: 0xffc3bd08, NEXT: 0xffc3bd08
PREV: 0xffc3bd08, NEXT: 0xffc3bd08
PREV: 0xffc3bd08, NEXT: 0xffc3bd08
PREV: 0xffc3bd08, NEXT: 0xffc3bd08
PREV: 0xffc3bd08, NEXT: 0xffc3bd08
PREV: 0xffc3bd08, NEXT: 0xffc3bd08
PREV: 0xffc3bd08, NEXT: 0xffc3bd08
PREV: 0xffc3bd08, NEXT: 0xffc3bd08
PREV: 0xffc3bd08, NEXT: 0xffc3bd08
PREV: 0xffc3bd08, NEXT: 0xffc3bd08
PREV: 0xffc3bd08, NEXT: 0xffc3bd08
PREV: 0xffc3bd08, NEXT: 0xffc3bd08
PREV: 0xffc3bd08, NEXT: 0xffc3bd08
AVERAGE EF: 0, _DEADLINE: 149
MIN FREQ: 316260
JOB RELEASEEEE: 0
JOB UTILIZATION: 1
PREV: 0xffc3bd08, NEXT: 0x80800e84

========================================================
CURRENT: 10733, START: 10733, AB DL: 10882
TF: 0, SLACK: 1490, REAL DL: 149
LEVEL: 1, step: 324117263, CLOCK: 324433523

========================================================
Finished Iteration: C
PREV: 0x80800e84, NEXT: 0xffc3bd08
PREV: 0xffc3bd08, NEXT: 0xffc3bd08
PREV: 0xffc3bd08, NEXT: 0xffc3bd08
PREV: 0xffc3bd08, NEXT: 0xffc3bd08
PREV: 0xffc3bd08, NEXT: 0xffc3bd08
PREV: 0xffc3bd08, NEXT: 0xffc3bd08
PREV: 0xffc3bd08, NEXT: 0xffc3bd08
PREV: 0xffc3bd08, NEXT: 0xffc3bd08
PREV: 0xffc3bd08, NEXT: 0xffc3bd08
PREV: 0xffc3bd08, NEXT: 0xffc3bd08
PREV: 0xffc3bd08, NEXT: 0xffc3bd08
PREV: 0xffc3bd08, NEXT: 0xffc3bd08
PREV: 0xffc3bd08, NEXT: 0xffc3bd08
PREV: 0xffc3bd08, NEXT: 0xffc3bd08
PREV: 0xffc3bd08, NEXT: 0xffc3bd08
AVERAGE EF: 0, _DEADLINE: 149
MIN FREQ: 316260
JOB RELEASEEEE: 0
JOB UTILIZATION: 0
PREV: 0xffc3bd08, NEXT: 0x80800e84

========================================================
CURRENT: 10882, START: 10882, AB DL: 11031
TF: 0, SLACK: 1490, REAL DL: 149
LEVEL: 1, step: 324117263, CLOCK: 324433523

========================================================
Finished Iteration: C
PREV: 0x80800e84, NEXT: 0xffc3bd08
PREV: 0xffc3bd08, NEXT: 0xffc3bd08
PREV: 0xffc3bd08, NEXT: 0xffc3bd08
PREV: 0xffc3bd08, NEXT: 0xffc3bd08
PREV: 0xffc3bd08, NEXT: 0xffc3bd08
PREV: 0xffc3bd08, NEXT: 0xffc3bd08
PREV: 0xffc3bd08, NEXT: 0xffc3bd08
PREV: 0xffc3bd08, NEXT: 0xffc3bd08
PREV: 0xffc3bd08, NEXT: 0xffc3bd08
PREV: 0xffc3bd08, NEXT: 0xffc3bd08
PREV: 0xffc3bd08, NEXT: 0xffc3bd08
PREV: 0xffc3bd08, NEXT: 0xffc3bd08
PREV: 0xffc3bd08, NEXT: 0xffc3bd08
PREV: 0xffc3bd08, NEXT: 0xffc3bd08
PREV: 0xffc3bd08, NEXT: 0xffc3bd08
AVERAGE EF: 0, _DEADLINE: 149
MIN FREQ: 316260
JOB REPREV: 0xffc3bd08, NEXT: 0xffc3bd08
LEASEEEE: 0
JOB UTILIZATION: 0
PREV: 0xffc3bd08, NEXT: 0x80800e84

========================================================
CURRENT: 11032, START: 11031, AB DL: 11180
TF: 1, SLACK: 1480, REAL DL: 149
LEVEL: 2, step: 324117263, CLOCK: 648550786

========================================================
Finished Iteration: C
PREV: 0x80800e84, NEXT: 0xffc3bd08
PREV: 0xffc3bd08, NEXT: 0xffc3bd08
PREV: 0xffc3bd08, NEXT: 0xffc3bd08
PREV: 0xffc3bd08, NEXT: 0xffc3bd08
PREV: 0xffc3bd08, NEXT: 0xffc3bd08
PREV: 0xffc3bd08, NEXT: 0xffc3bd08
PREV: 0xffc3bd08, NEXT: 0xffc3bd08
PREV: 0xffc3bd08, NEXT: 0xffc3bd08
PREV: 0xffc3bd08, NEXT: 0xffc3bd08
PREV: 0xffc3bd08, NEXT: 0xffc3bd08
PREV: 0xffc3bd08, NEXT: 0xffc3bd08
PREV: 0xffc3bd08, NEXT: 0xffc3bd08
PREV: 0xffc3bd08, NEXT: 0xffc3bd08
PREV: 0xffc3bd08, NEXT: 0xffc3bd08
PREV: 0xffc3bd08, NEXT: 0xffc3bd08
AVERAGE EF: 0, _DEADLINE: 149
MIN FREQ: 316260
JOB RELEASEEEE: 0
JOB UTILIZATION: 1
PREV: 0xffc3bd08, NEXT: 0x80800e84

========================================================
CURRENT: 11180, START: 11180, AB DL: 11329
TF: 0, SLACK: 1490, REAL DL: 149
LEVEL: 1, step: 324117263, CLOCK: 324433523

========================================================
Finished Iteration: C
PREV: 0x80800e84, NEXT: 0xffc3bd08
PREV: 0xffc3bd08, NEXT: 0xffc3bd08
PREV: 0xffc3bd08, NEXT: 0xffc3bd08
PREV: 0xffc3bd08, NEXT: 0xffc3bd08
PREV: 0xffc3bd08, NEXT: 0xffc3bd08
PREV: 0xffc3bd08, NEXT: 0xffc3bd08
PREV: 0xffc3bd08, NEXT: 0xffc3bd08
PREV: 0xffc3bd08, NEXT: 0xffc3bd08
PREV: 0xffc3bd08, NEXT: 0xffc3bd08
PREV: 0xffc3bd08, NEXT: 0xffc3bd08
PREV: 0xffc3bd08, NEXT: 0xffc3bd08
PREV: 0xffc3bd08, NEXT: 0xffc3bd08
PREV: 0xffc3bd08, NEXT: 0xffc3bd08
PREV: 0xffc3bd08, NEXT: 0xffc3bd08
PREV: 0xffc3bd08, NEXT: 0xffc3bd08
AVERAGE EF: 0, _DEADLINE: 149
MIN FREQ: 316260
JOB RELEASEEEE: 0
JOB UTILIZATION: 1
PREV: 0xffc3bd08, NEXT: 0x80800e84

========================================================
CURRENT: 11329, START: 11329, AB DL: 11478
TF: 0, SLACK: 1490, REAL DL: 149
LEVEL: 1, step: 324117263, CLOCK: 324433523

========================================================
Finished Iteration: C
PREV: 0x80800e84, NEXT: 0xffc3bd08
PREV: 0xffc3bd08, NEXT: 0xffc3bd08
PREV: 0xffc3bd08, NEXT: 0xffc3bd08
PREV: 0xffc3bd08, NEXT: 0xffc3bd08
PREV: 0xffc3bd08, NEXT: 0xffc3bd08
PREV: 0xffc3bd08, NEXT: 0xffc3bd08
PREV: 0xffc3bd08, NEXT: 0xffc3bd08
PREV: 0xffc3bd08, NEXT: 0xffc3bd08
PREV: 0xffc3bd08, NEXT: 0xffc3bd08
PREV: 0xffc3bd08, NEXT: 0xffc3bd08
PREV: 0xffc3bd08, NEXT: 0xffc3bd08
PREV: 0xffc3bd08, NEXT: 0xffc3bd08
PREV: 0xffc3bd08, NEXT: 0xffc3bd08
PREV: 0xffc3bd08, NEXT: 0xffc3bd08
PREV: 0xffc3bd08, NEXT: 0xffc3bd08
AVERAGE EF: 0, _DEADLINE: 149
MIN FREQ: 316260
JOB RELEASEEEE: 0
JOB UTILIZATION: 2
PREV: 0xffc3bd08, NEXT: 0x80800e84

========================================================
CURRENT: 11478, START: 11478, AB DL: 11627
TF: 0, SLACK: 1490, REAL DL: 149
LEVEL: 1, step: 324117263, CLOCK: 324433523

========================================================
Finished Iteration: C
PREV: 0x80800e84, NEXT: 0xffc3bd08
PREV: 0xffc3bd08, NEXT: 0xffc3bd08
PREV: 0xffc3bd08, NEXT: 0xffc3bd08
PREV: 0xffc3bd08, NEXT: 0xffc3bd08
PREV: 0xffc3bd08, NEXT: 0xffc3bd08
PREV: 0xffc3bd08, NEXT: 0xffc3bd08
PREV: 0xffc3bd08, NEXT: 0xffc3bd08
PREV: 0xffc3bd08, NEXT: 0xffc3bd08
PREV: 0xffc3bd08, NEXT: 0xffc3bd08
PREV: 0xffc3bd08, NEXT: 0xffc3bd08
PREV: 0xffc3bd08, NEXT: 0xffc3bd08
PREV: 0xffc3bd08, NEXT: 0xffc3bd08
PREV: 0xffc3bd08, NEXT: 0xffc3bd08
PREV: 0xffc3bd08, NEXT: 0xffc3bd08
PREV: 0xffc3bd08, NEXT: 0xffc3bd08
AVERAGE EF: 0, _DEADLINE: 149
MIN FREQ: 316260
JOB RELEASEEEE: 0
JOB UTILIZATION: 1
PREV: 0xffc3bd08, NEXT: 0x80800e84

========================================================
CURRENT: 11627, START: 11627, AB DL: 11776
TF: 0, SLACK: 1490, REAL DL: 149
LEVEL: 1, step: 324117263, CLOCK: 324433523

========================================================
Finished Iteration: C
PREV: 0x80800e84, NEXT: 0xffc3bd08
PREV: 0xffc3bd08, NEXT: 0xffc3bd08
PREV: 0xffc3bd08, NEXT: 0xffc3bd08
PREV: 0xffc3bd08, NEXT: 0xffc3bd08
PREV: 0xffc3bd08, NEXT: 0xffc3bd08
PREV: 0xffc3bd08, NEXT: 0xffc3bd08
PREV: 0xffc3bd08, NEXT: 0xffc3bd08
PREV: 0xffc3bd08, NEXT: 0xffc3bd08
PREV: 0xffc3bd08, NEXT: 0xffc3bd08
PREV: 0xffc3bd08, NEXT: 0xffc3bd08
PREV: 0xffc3bd08, NEXT: 0xffc3bd08
PREV: 0xffc3bd08, NEXT: 0xffc3bd08
PREV: 0xffc3bd08, NEXT: 0xffc3bd08
PREV: 0xffc3bd08, NEXT: 0xffc3bd08
PREV: 0xffc3bd08, NEXT: 0xffc3bd08
AVERAGE EF: 0, _DEADLINE: 149
MIN FREQ: 316260
JOB RELEASEEEE: 0
JOB UTILIZATION: 1
PREV: 0xffc3bd08, NEXT: 0x80800e84

========================================================
CURRENT: 11776, START: 11776, AB DL: 11925
TF: 0, SLACK: 1490, REAL DL: 149
LEVEL: 1, step: 324117263, CLOCK: 324433523

========================================================
Finished Iteration: C
PREV: 0x80800e84, NEXT: 0xffc3bd08
PREV: 0xffc3bd08, NEXT: 0xffc3bd08
PREV: 0xffc3bd08, NEXT: 0xffc3bd08
PREV: 0xffc3bd08, NEXT: 0xffc3bd08
PREV: 0xffc3bd08, NEXT: 0xffc3bd08
PREV: 0xffc3bd08, NEXT: 0xffc3bd08
PREV: 0xffc3bd08, NEXT: 0xffc3bd08
PREV: 0xffc3bd08, NEXT: 0xffc3bd08
PREV: 0xffc3bd08, NEXT: 0xffc3bd08
PREV: 0xffc3bd08, NEXT: 0xffc3bd08
PREV: 0xffc3bd08, NEXT: 0xffc3bd08
PREV: 0xffc3bd08, NEXT: 0xffc3bd08
PREV: 0xffc3bd08, NEXT: 0xffc3bd08
PREV: 0xffc3bd08, NEXT: 0xffc3bd08
PREV: 0xffc3bd08, NEXT: 0xffc3bd08
AVERAGE EF: 0, _DEADLINE: 149
MIN FREQ: 316260
JOB RELEASEEEE: 0
JOB UTILIZATION: 0
PREV: 0xffc3bd08, NEXT: 0x80800e84

========================================================
CURRENT: 11925, START: 11925, AB DL: 12074
TF: 0, SLACK: 1490, REAL DL: 149
LEVEL: 1, step: 324117263, CLOCK: 324433523

========================================================
Finished Iteration: C
PREV: 0x80800e84, NEXT: 0xffc3bd08
PREV: 0xffc3bd08, NEXT: 0xffc3bd08
PREV: 0xffc3bd08, NEXT: 0xffc3bd08
PREV: 0xffc3bd08, NEXT: 0xffc3bd08
PREV: 0xffc3bd08, NEXT: 0xffc3bd08
PREV: 0xffc3bd08, NEXT: 0xffc3bd08
PREV: 0xffc3bd08, NEXT: 0xffc3bd08
PREV: 0xffc3bd08, NEXT: 0xffc3bd08
PREV: 0xffc3bd08, NEXT: 0xffc3bd08
PREV: 0xffc3bd08, NEXT: 0xffc3bd08
PREV: 0xffc3bd08, NEXT: 0xffc3bd08
PREV: 0xffc3bd08, NEXT: 0xffc3bd08
PREV: 0xffc3bd08, NEXT: 0xffc3bd08
PREV: 0xffc3bd08, NEXT: 0xffc3bd08
PREV: 0xffc3bd08, NEXT: 0xffc3bd08
AVERAGE EF: 0, _DEADLINE: 149
MIN FREQ: 316260
JOB RELEASEEEE: 0
JOB UTILIZATION: 0
PREV: 0xffc3bd08, NEXT: 0x80800e84

========================================================
CURRENT: 12074, START: 12074, AB DL: 12223
TF: 0, SLACK: 1490, REAL DL: 149
LEVEL: 1, step: 324117263, CLOCK: 324433523

========================================================
Finished Iteration: C
PREV: 0x80800e84, NEXT: 0xffc3bd08
PREV: 0xffc3bd08, NEXT: 0xffc3bd08
PREV: 0xffc3bd08, NEXT: 0xffc3bd08
PREV: 0xffc3bd08, NEXT: 0xffc3bd08
PREV: 0xffc3bd08, NEXT: 0xffc3bd08
PREV: 0xffc3bd08, NEXT: 0xffc3bd08
PREV: 0xffc3bd08, NEXT: 0xffc3bd08
PREV: 0xffc3bd08, NEXT: 0xffc3bd08
PREV: 0xffc3bd08, NEXT: 0xffc3bd08
PREV: 0xffc3bd08, NEXT: 0xffc3bd08
PREV: 0xffc3bd08, NEXT: 0xffc3bd08
PREV: 0xffc3bd08, NEXT: 0xffc3bd08
PREV: 0xffc3bd08, NEXT: 0xffc3bd08
PREV: 0xffc3bd08, NEXT: 0xffc3bd08
PREV: 0xffc3bd08, NEXT: 0xffc3bd08
AVERAGE EF: 0, _DEADLINE: 149
MIN FREQ: 316260
JOB RELEASEEEE: 0
JOB UTILIZATION: 0
PREV: 0xffc3bd08, NEXT: 0x80800e84

========================================================
CURRENT: 12223, START: 12223, AB DL: 12372
TF: 0, SLACK: 1490, REAL DL: 149
LEVEL: 1, step: 324117263, CLOCK: 324433523

========================================================
Finished Iteration: C
PREV: 0x80800e84, NEXT: 0xffc3bd08
PREV: 0xffc3bd08, NEXT: 0xffc3bd08
PREV: 0xffc3bd08, NEXT: 0xffc3bd08
PREV: 0xffc3bd08, NEXT: 0xffc3bd08
PREV: 0xffc3bd08, NEXT: 0xffc3bd08
PREV: 0xffc3bd08, NEXT: 0xffc3bd08
PREV: 0xffc3bd08, NEXT: 0xffc3bd08
PREV: 0xffc3bd08, NEXT: 0xffc3bd08
PREV: 0xffc3bd08, NEXT: 0xffc3bd08
PREV: 0xffc3bd08, NEXT: 0xffc3bd08
PREV: 0xffc3bd08, NEXT: 0xffc3bd08
PREV: 0xffc3bd08, NEXT: 0xffc3bd08
PREV: 0xffc3bd08, NEXT: 0xffc3bd08
PREV: 0xffc3bd08, NEXT: 0xffc3bd08
PREV: 0xffc3bd08, NEXT: 0xffc3bd08
AVERAGE EF: 0, _DEADLINE: 149
MIN FREQ: 316260
JOB RELEASEEEE: 0
JOB UTILIZATION: 0
PREV: 0xffc3bd08, NEXT: 0x80800e84

========================================================
CURRENT: 12372, START: 12372, AB DL: 12521
TF: 0, SLACK: 1490, REAL DL: 149
LEVEL: 1, step: 324117263, CLOCK: 324433523

========================================================
Finished Iteration: C
PREV: 0x80800e84, NEXT: 0xffc3bd08
PREV: 0xffc3bd08, NEXT: 0xffc3bd08
PREV: 0xffc3bd08, NEXT: 0xffc3bd08
PREV: 0xffc3bd08, NEXT: 0xffc3bd08
PREV: 0xffc3bd08, NEXT: 0xffc3bd08
PREV: 0xffc3bd08, NEXT: 0xffc3bd08
PREV: 0xffc3bd08, NEXT: 0xffc3bd08
PREV: 0xffc3bd08, NEXT: 0xffc3bd08
PREV: 0xffc3bd08, NEXT: 0xffc3bd08
PREV: 0xffc3bd08, NEXT: 0xffc3bd08
PREV: 0xffc3bd08, NEXT: 0xffc3bd08
PREV: 0xffc3bd08, NEXT: 0xffc3bd08
PREV: 0xffc3bd08, NEXT: 0xffc3bd08
PREV: 0xffc3bd08, NEXT: 0xffc3bd08
PREV: 0xffc3bd08, NEXT: 0xffc3bd08
AVERAGE EF: 0, _DEADLINE: 149
MIN FREQ: 316260
JOB RELEASEEEE: 0
JOB UTILIZATION: 0
PREV: 0xffc3bd08, NEXT: 0x80800e84

========================================================
CURRENT: 12521, START: 12521, AB DL: 12670
TF: 0, SLACK: 1490, REAL DL: 149
LEVEL: 1, step: 324117263, CLOCK: 324433523

========================================================
Finished Iteration: C
PREV: 0x80800e84, NEXT: 0xffc3bd08
PREV: 0xffc3bd08, NEXT: 0xffc3bd08
PREV: 0xffc3bd08, NEXT: 0xffc3bd08
PREV: 0xffc3bd08, NEXT: 0xffc3bd08
PREV: 0xffc3bd08, NEXT: 0xffc3bd08
PREV: 0xffc3bd08, NEXT: 0xffc3bd08
PREV: 0xffc3bd08, NEXT: 0xffc3bd08
PREV: 0xffc3bd08, NEXT: 0xffc3bd08
PREV: 0xffc3bd08, NEXT: 0xffc3bd08
PREV: 0xffc3bd08, NEXT: 0xffc3bd08
PREV: 0xffc3bd08, NEXT: 0xffc3bd08
PREV: 0xffc3bd08, NEXT: 0xffc3bd08
PREV: 0xffc3bd08, NEXT: 0xffc3bd08
PREV: 0xffc3bd08, NEXT: 0xffc3bd08
PREV: 0xffc3bd08, NEXT: 0xffc3bd08
AVERAGE EF: 0, _DEADLINE: 149
MIN FREQ: 316260
JOB RELEASEEEE: 0
JOB UTILIZATPREV: 0xffc3bd08, NEXT: 0xffc3bd08
ION: 0
PREV: 0xffc3bd08, NEXT: 0x80800e84

========================================================
CURRENT: 12671, START: 12670, AB DL: 12819
TF: 1, SLACK: 1480, REAL DL: 149
LEVEL: 2, step: 324117263, CLOCK: 648550786

========================================================
Finished Iteration: C
PREV: 0x80800e84, NEXT: 0xffc3bd08
PREV: 0xffc3bd08, NEXT: 0xffc3bd08
PREV: 0xffc3bd08, NEXT: 0xffc3bd08
PREV: 0xffc3bd08, NEXT: 0xffc3bd08
PREV: 0xffc3bd08, NEXT: 0xffc3bd08
PREV: 0xffc3bd08, NEXT: 0xffc3bd08
PREV: 0xffc3bd08, NEXT: 0xffc3bd08
PREV: 0xffc3bd08, NEXT: 0xffc3bd08
PREV: 0xffc3bd08, NEXT: 0xffc3bd08
PREV: 0xffc3bd08, NEXT: 0xffc3bd08
PREV: 0xffc3bd08, NEXT: 0xffc3bd08
PREV: 0xffc3bd08, NEXT: 0xffc3bd08
PREV: 0xffc3bd08, NEXT: 0xffc3bd08
PREV: 0xffc3bd08, NEXT: 0xffc3bd08
PREV: 0xffc3bd08, NEXT: 0xffc3bd08
AVERAGE EF: 0, _DEADLINE: 149
MIN FREQ: 316260
JOB RELEASEEEE: 0
JOB UTILIZATION: 3
PREV: 0xffc3bd08, NEXT: 0x80800e84

========================================================
CURRENT: 12819, START: 12819, AB DL: 12968
TF: 0, SLACK: 1490, REAL DL: 149
LEVEL: 1, step: 324117263, CLOCK: 324433523

========================================================
Finished Iteration: C
PREV: 0x80800e84, NEXT: 0xffc3bd08
PREV: 0xffc3bd08, NEXT: 0xffc3bd08
PREV: 0xffc3bd08, NEXT: 0xffc3bd08
PREV: 0xffc3bd08, NEXT: 0xffc3bd08
PREV: 0xffc3bd08, NEXT: 0xffc3bd08
PREV: 0xffc3bd08, NEXT: 0xffc3bd08
PREV: 0xffc3bd08, NEXT: 0xffc3bd08
PREV: 0xffc3bd08, NEXT: 0xffc3bd08
PREV: 0xffc3bd08, NEXT: 0xffc3bd08
PREV: 0xffc3bd08, NEXT: 0xffc3bd08
PREV: 0xffc3bd08, NEXT: 0xffc3bd08
PREV: 0xffc3bd08, NEXT: 0xffc3bd08
PREV: 0xffc3bd08, NEXT: 0xffc3bd08
PREV: 0xffc3bd08, NEXT: 0xffc3bd08
PREV: 0xffc3bd08, NEXT: 0xffc3bd08
AVERAGE EF: 0, _DEADLINE: 149
MIN FREQ: 316260
JOB RELEASEEEE: 0
JOB UTILIZATION: 0
PREV: 0xffc3bd08, NEXT: 0x80800e84

========================================================
CURRENT: 12968, START: 12968, AB DL: 13117
TF: 0, SLACK: 1490, REAL DL: 149
LEVEL: 1, step: 324117263, CLOCK: 324433523

========================================================
Finished Iteration: C
PREV: 0x80800e84, NEXT: 0xffc3bd08
PREV: 0xffc3bd08, NEXT: 0xffc3bd08
PREV: 0xffc3bd08, NEXT: 0xffc3bd08
PREV: 0xffc3bd08, NEXT: 0xffc3bd08
PREV: 0xffc3bd08, NEXT: 0xffc3bd08
PREV: 0xffc3bd08, NEXT: 0xffc3bd08
PREV: 0xffc3bd08, NEXT: 0xffc3bd08
PREV: 0xffc3bd08, NEXT: 0xffc3bd08
PREV: 0xffc3bd08, NEXT: 0xffc3bd08
PREV: 0xffc3bd08, NEXT: 0xffc3bd08
PREV: 0xffc3bd08, NEXT: 0xffc3bd08
PREV: 0xffc3bd08, NEXT: 0xffc3bd08
PREV: 0xffc3bd08, NEXT: 0xffc3bd08
PREV: 0xffc3bd08, NEXT: 0xffc3bd08
PREV: 0xffc3bd08, NEXT: 0xffc3bd08
AVERAGE EF: 0, _DEADLINE: 149
MIN FREQ: 316260
JOB RELEASEEEE: 0
JOB UTILIZATION: 1
PREV: 0xffc3bd08, NEXT: 0x80800e84

========================================================
CURRENT: 13117, START: 13117, AB DL: 13266
TF: 0, SLACK: 1490, REAL DL: 149
LEVEL: 1, step: 324117263, CLOCK: 324433523

========================================================
Finished Iteration: C
PREV: 0x80800e84, NEXT: 0xffc3bd08
PREV: 0xffc3bd08, NEXT: 0xffc3bd08
PREV: 0xffc3bd08, NEXT: 0xffc3bd08
PREV: 0xffc3bd08, NEXT: 0xffc3bd08
PREV: 0xffc3bd08, NEXT: 0xffc3bd08
PREV: 0xffc3bd08, NEXT: 0xffc3bd08
PREV: 0xffc3bd08, NEXT: 0xffc3bd08
PREV: 0xffc3bd08, NEXT: 0xffc3bd08
PREV: 0xffc3bd08, NEXT: 0xffc3bd08
PREV: 0xffc3bd08, NEXT: 0xffc3bd08
PREV: 0xffc3bd08, NEXT: 0xffc3bd08
PREV: 0xffc3bd08, NEXT: 0xffc3bd08
PREV: 0xffc3bd08, NEXT: 0xffc3bd08
PREV: 0xffc3bd08, NEXT: 0xffc3bd08
PREV: 0xffc3bd08, NEXT: 0xffc3bd08
AVERAGE EF: 0, _DEADLINE: 149
MIN FREQ: 316260
JOB RELEASEEEE: 0
JOB UTILIZATION: 0
PREV: 0xffc3bd08, NEXT: 0x80800e84

========================================================
CURRENT: 13266, START: 13266, AB DL: 13415
TF: 0, SLACK: 1490, REAL DL: 149
LEVEL: 1, step: 324117263, CLOCK: 324433523

========================================================
Finished Iteration: C
PREV: 0x80800e84, NEXT: 0xffc3bd08
PREV: 0xffc3bd08, NEXT: 0xffc3bd08
PREV: 0xffc3bd08, NEXT: 0xffc3bd08
PREV: 0xffc3bd08, NEXT: 0xffc3bd08
PREV: 0xffc3bd08, NEXT: 0xffc3bd08
PREV: 0xffc3bd08, NEXT: 0xffc3bd08
PREV: 0xffc3bd08, NEXT: 0xffc3bd08
PREV: 0xffc3bd08, NEXT: 0xffc3bd08
PREV: 0xffc3bd08, NEXT: 0xffc3bd08
PREV: 0xffc3bd08, NEXT: 0xffc3bd08
PREV: 0xffc3bd08, NEXT: 0xffc3bd08
PREV: 0xffc3bd08, NEXT: 0xffc3bd08
PREV: 0xffc3bd08, NEXT: 0xffc3bd08
PREV: 0xffc3bd08, NEXT: 0xffc3bd08
PREV: 0xffc3bd08, NEXT: 0xffc3bd08
AVERAGE EF: 0, _DEADLINE: 149
MIN FREQ: 316260
JOB RELEASEEEE: 0
JOB UTILIZATION: 1
PREV: 0xffc3bd08, NEXT: 0x80800e84

========================================================
CURRENT: 13415, START: 13415, AB DL: 13564
TF: 0, SLACK: 1490, REAL DL: 149
LEVEL: 1, step: 324117263, CLOCK: 324433523

========================================================
Finished Iteration: C
PREV: 0x80800e84, NEXT: 0xffc3bd08
PREV: 0xffc3bd08, NEXT: 0xffc3bd08
PREV: 0xffc3bd08, NEXT: 0xffc3bd08
PREV: 0xffc3bd08, NEXT: 0xffc3bd08
PREV: 0xffc3bd08, NEXT: 0xffc3bd08
PREV: 0xffc3bd08, NEXT: 0xffc3bd08
PREV: 0xffc3bd08, NEXT: 0xffc3bd08
PREV: 0xffc3bd08, NEXT: 0xffc3bd08
PREV: 0xffc3bd08, NEXT: 0xffc3bd08
PREV: 0xffc3bd08, NEXT: 0xffc3bd08
PREV: 0xffc3bd08, NEXT: 0xffc3bd08
PREV: 0xffc3bd08, NEXT: 0xffc3bd08
PREV: 0xffc3bd08, NEXT: 0xffc3bd08
PREV: 0xffc3bd08, NEXT: 0xffc3bd08
PREV: 0xffc3bd08, NEXT: 0xffc3bd08
AVERAGE EF: 0, _DEADLINE: 149
MIN FREQ: 316260
JOB RELEASEEEE: 0
JOB UTILIZATION: 1
PREV: 0xffc3bd08, NEXT: 0x80800e84

========================================================
CURRENT: 13564, START: 13564, AB DL: 13713
TF: 0, SLACK: 1490, REAL DL: 149
LEVEL: 1, step: 324117263, CLOCK: 324433523

========================================================
Finished Iteration: C
PREV: 0x80800e84, NEXT: 0xffc3bd08
PREV: 0xffc3bd08, NEXT: 0xffc3bd08
PREV: 0xffc3bd08, NEXT: 0xffc3bd08
PREV: 0xffc3bd08, NEXT: 0xffc3bd08
PREV: 0xffc3bd08, NEXT: 0xffc3bd08
PREV: 0xffc3bd08, NEXT: 0xffc3bd08
PREV: 0xffc3bd08, NEXT: 0xffc3bd08
PREV: 0xffc3bd08, NEXT: 0xffc3bd08
PREV: 0xffc3bd08, NEXT: 0xffc3bd08
PREV: 0xffc3bd08, NEXT: 0xffc3bd08
PREV: 0xffc3bd08, NEXT: 0xffc3bd08
PREV: 0xffc3bd08, NEXT: 0xffc3bd08
PREV: 0xffc3bd08, NEXT: 0xffc3bd08
PREV: 0xffc3bd08, NEXT: 0xffc3bd08
PREV: 0xffc3bd08, NEXT: 0xffc3bd08
AVERAGE EF: 0, _DEADLINE: 149
MIN FREQ: 316260
JOB RELEASEEEE: 0
JOB UTILIZATION: 1
PREV: 0xffc3bd08, NEXT: 0x80800e84

========================================================
CURRENT: 13713, START: 13713, AB DL: 13862
TF: 0, SLACK: 1490, REAL DL: 149
LEVEL: 1, step: 324117263, CLOCK: 324433523

========================================================
Finished Iteration: C
PREV: 0x80800e84, NEXT: 0xffc3bd08
PREV: 0xffc3bd08, NEXT: 0xffc3bd08
PREV: 0xffc3bd08, NEXT: 0xffc3bd08
PREV: 0xffc3bd08, NEXT: 0xffc3bd08
PREV: 0xffc3bd08, NEXT: 0xffc3bd08
PREV: 0xffc3bd08, NEXT: 0xffc3bd08
PREV: 0xffc3bd08, NEXT: 0xffc3bd08
PREV: 0xffc3bd08, NEXT: 0xffc3bd08
PREV: 0xffc3bd08, NEXT: 0xffc3bd08
PREV: 0xffc3bd08, NEXT: 0xffc3bd08
PREV: 0xffc3bd08, NEXT: 0xffc3bd08
PREV: 0xffc3bd08, NEXT: 0xffc3bd08
PREV: 0xffc3bd08, NEXT: 0xffc3bd08
PREV: 0xffc3bd08, NEXT: 0xffc3bd08
PREV: 0xffc3bd08, NEXT: 0xffc3bd08
AVERAGE EF: 0, _DEADLINE: 149
MIN FREQ: 316260
JOB RELEASEEEE: 0
JOB UTILIZATION: 1
PREV: 0xffc3bd08, NEXT: 0x80800e84

========================================================
CURRENT: 13862, START: 13862, AB DL: 14011
TF: 0, SLACK: 1490, REAL DL: 149
LEVEL: 1, step: 324117263, CLOCK: 324433523

========================================================
Finished Iteration: C
PREV: 0x80800e84, NEXT: 0xffc3bd08
PREV: 0xffc3bd08, NEXT: 0xffc3bd08
PREV: 0xffc3bd08, NEXT: 0xffc3bd08
PREV: 0xffc3bd08, NEXT: 0xffc3bd08
PREV: 0xffc3bd08, NEXT: 0xffc3bd08
PREV: 0xffc3bd08, NEXT: 0xffc3bd08
PREV: 0xffc3bd08, NEXT: 0xffc3bd08
PREV: 0xffc3bd08, NEXT: 0xffc3bd08
PREV: 0xffc3bd08, NEXT: 0xffc3bd08
PREV: 0xffc3bd08, NEXT: 0xffc3bd08
PREV: 0xffc3bd08, NEXT: 0xffc3bd08
PREV: 0xffc3bd08, NEXT: 0xffc3bd08
PREV: 0xffc3bd08, NEXT: 0xffc3bd08
PREV: 0xffc3bd08, NEXT: 0xffc3bd08
PREV: 0xffc3bd08, NEXT: 0xffc3bd08
AVERAGE EF: 0, _DEADLINE: 149
MIN FREQ: 316260
JOB RELEASEEEE: 0
JOB UTILIZATION: 1
PREV: 0xffc3bd08, NEXT: 0x80800e84

========================================================
CURRENT: 14011, START: 14011, AB DL: 14160
TF: 0, SLACK: 1490, REAL DL: 149
LEVEL: 1, step: 324117263, CLOCK: 324433523

========================================================
Finished Iteration: C
PREV: 0x80800e84, NEXT: 0xffc3bd08
PREV: 0xffc3bd08, NEXT: 0xffc3bd08
PREV: 0xffc3bd08, NEXT: 0xffc3bd08
PREV: 0xffc3bd08, NEXT: 0xffc3bd08
PREV: 0xffc3bd08, NEXT: 0xffc3bd08
PREV: 0xffc3bd08, NEXT: 0xffc3bd08
PREV: 0xffc3bd08, NEXT: 0xffc3bd08
PREV: 0xffc3bd08, NEXT: 0xffc3bd08
PREV: 0xffc3bd08, NEXT: 0xffc3bd08
PREV: 0xffc3bd08, NEXT: 0xffc3bd08
PREV: 0xffc3bd08, NEXT: 0xffc3bd08
PREV: 0xffc3bd08, NEXT: 0xffc3bd08
PREV: 0xffc3bd08, NEXT: 0xffc3bd08
PREV: 0xffc3bd08, NEXT: 0xffc3bd08
PREV: 0xffc3bd08, NEXT: 0xffc3bd08
AVERAGE EF: 0, _DEADLINE: 149
MIN FREQ: 316260
JOB RELEASEEEE: 0
JOB UTILIZATION: 2
PREV: 0xffc3bd08, NEXT: 0x80800e84

========================================================
CURRENT: 14160, START: 14160, AB DL: 14309
TF: 0, SLACK: 1490, REAL DL: 149
LEVEL: 1, step: 324117263, CLOCK: 324433523

========================================================
Finished Iteration: C
PREV: 0x80800e84, NEXT: 0xffc3bd08
PREV: 0xffc3bd08, NEXT: 0xffc3bd08
PREV: 0xffc3bd08, NEXT: 0xffc3bd08
PREV: 0xffc3bd08, NEXT: 0xffc3bd08
PREV: 0xffc3bd08, NEXT: 0xffc3bd08
PREV: 0xffc3bd08, NEXT: 0xffc3bd08
PREV: 0xffc3bd08, NEXT: 0xffc3bd08
PREV: 0xffc3bd08, NEXT: 0xffc3bd08
PREV: 0xffc3bd08, NEXT: 0xffc3bd08
PREV: 0xffc3bd08, NEXT: 0xffc3bd08
PREV: 0xffc3bd08, NEXT: 0xffc3bd08
PREV: 0xffc3bd08, NEXT: 0xffc3bd08
PREV: 0xffc3bd08, NEXT: 0xffc3bd08
PREV: 0xffc3bd08, NEXT: 0xffc3bd08
PREV: 0xffc3bd08, NEXT: 0xffc3bd08
AVERAGE EF: 0, _DEADLINE: 149
MIN FREQ: 316260
JOB RELEASEEEE: 0
JOB UTILIZATION: 0
PREV: 0xffc3bd08, NEXT: 0x80800e84

========================================================
CURRENT: 14309, START: 14309, AB DL: 14458
TF: 0, SLACK: 1490, REAL DL: 149
LEVEL: 1, step: 324117263, CLOCK: 324433523

========================================================
Finished Iteration: C
PREV: 0x80800e84, NEXT: 0xffc3bd08
PREV: 0xffc3bd08, NEXT: 0xffc3bd08
PREV: 0xffc3bd08, NEXT: 0xffc3bd08
PREV: 0xffc3bd08, NEXT: 0xffc3bd08
PREV: 0xffc3bd08, NEXT: 0xffc3bd08
PREV: 0xffc3bd08, NEXT: 0xffc3bd08
PREV: 0xffc3bd08, NEXT: 0xffc3bd08
PREV: 0xffc3bd08, NEXT: 0xffc3bd08
PREV: 0xffc3bd08, NEXT: 0xffc3bd08
PREV: 0xffc3bd08, NEXT: 0xffc3bd08
PREV: 0xffc3bd08, NEXT: 0xffc3bd08
PREV: 0xffc3bd08, NEXT: 0xffc3bd08
PREV: 0xffc3bd08, NEXT: 0xffc3bd08
PREV: 0xffc3bd08, NEXT: 0xffc3bd08
PREV: 0xffc3bd08, NEXT: 0xffc3bd08
AVERAGE EF: 0, _DEADLINE: 149
MIN FREQ: 316260
JOB RELEASEEEE: 0
JOB UTILIZATION: 0
PREV: 0xffc3bd08, NEXT: 0x80800e84

========================================================
CURRENT: 14458, START: 14458, AB DL: 14607
TF: 0, SLACK: 1490, REAL DL: 149
LEVEL: 1, step: 324117263, CLOCK: 324433523

========================================================
Finished Iteration: C
PREV: 0x80800e84, NEXT: 0xffc3bd08
PREV: 0xffc3bd08, NEXT: 0xffc3bd08
PREV: 0xffc3bd08, NEXT: 0xffc3bd08
PREV: 0xffc3bd08, NEXT: 0xffc3bd08
PREV: 0xffc3bd08, NEXT: 0xffc3bd08
PREV: 0xffc3bd08, NEXT: 0xffc3bd08
PREV: 0xffc3bd08, NEXT: 0xffc3bd08
PREV: 0xffc3bd08, NEXT: 0xffc3bd08
PREV: 0xffc3bd08, NEXT: 0xffc3bd08
PREV: 0xffc3bd08, NEXT: 0xffc3bd08
PREV: 0xffc3bd08, NEXT: 0xffc3bd08
PREV: 0xffc3bd08, NEXT: 0xffc3bd08
PREV: 0xffc3bd08, NEXT: 0xffc3bd08
PREV: 0xffc3bd08, NEXT: 0xffc3bd08
PREV: 0xffc3bd08, NEXT: 0xffc3bd08
AVERAGE EF: 0, _DEADLINE: 149
MIN FREQ: 316260
JOB RELEASEEEE: 0
JOB UTILIZATION: 0
PREV: 0xffc3bd08, NEXT: 0x80800e84

========================================================
CURRENT: 14607, START: 14607, AB DL: 14756
TF: 0, SLACK: 1490, REAL DL: 149
LEVEL: 1, step: 324117263, CLOCK: 324433523

========================================================
Finished Iteration: C
PREV: 0x80800e84, NEXT: 0xffc3bd08
PREV: 0xffc3bd08, NEXT: 0xffc3bd08
PREV: 0xffc3bd08, NEXT: 0xffc3bd08
PREV: 0xffc3bd08, NEXT: 0xffc3bd08
PREV: 0xffc3bd08, NEXT: 0xffc3bd08
PREV: 0xffc3bd08, NEXT: 0xffc3bd08
PREV: 0xffc3bd08, NEXT: 0xffc3bd08
PREV: 0xffc3bd08, NEXT: 0xffc3bd08
PREV: 0xffc3bd08, NEXT: 0xffc3bd08
PREV: 0xffc3bd08, NEXT: 0xffc3bd08
PREV: 0xffc3bd08, NEXT: 0xffc3bd08
PREV: 0xffc3bd08, NEXT: 0xffc3bd08
PREV: 0xffc3bd08, NEXT: 0xffc3bd08
PREV: 0xffc3bd08, NEXT: 0xffc3bd08
PREV: 0xffc3bd08, NEXT: 0xffc3bd08
AVERAGE EF: 0, _DEADLINE: 149
MIN FREQ: 316260
JOB RELEASEEEE: 0
JOB UTILIZATION: 0
PREV: 0xffc3bd08, NEXT: 0x80800e84

========================================================
CURRENT: 14756, START: 14756, AB DL: 14905
TF: 0, SLACK: 1490, REAL DL: 149
LEVEL: 1, step: 324117263, CLOCK: 324433523

========================================================
Finished Iteration: C
PREV: 0x80800e84, NEXT: 0xffc3bd08
PREV: 0xffc3bd08, NEXT: 0xffc3bd08
PREV: 0xffc3bd08, NEXT: 0xffc3bd08
PREV: 0xffc3bd08, NEXT: 0xffc3bd08
PREV: 0xffc3bd08, NEXT: 0xffc3bd08
PREV: 0xffc3bd08, NEXT: 0xffc3bd08
PREV: 0xffc3bd08, NEXT: 0xffc3bd08
PREV: 0xffc3bd08, NEXT: 0xffc3bd08
PREV: 0xffc3bd08, NEXT: 0xffc3bd08
PREV: 0xffc3bd08, NEXT: 0xffc3bd08
PREV: 0xffc3bd08, NEXT: 0xffc3bd08
PREV: 0xffc3bd08, NEXT: 0xffc3bd08
PREV: 0xffc3bd08, NEXT: 0xffc3bd08
PREV: 0xffc3bd08, NEXT: 0xffc3bd08
PREV: 0xffc3bd08, NEXT: 0xffc3bd08
AVERAGE EF: 0, _DEADLINE: 149
MIN FREQ: 316260
JOB RELEASEEEE: 0
JOB UTILIZATION: 2
PREV: 0xffc3bd08, NEXT: 0x80800e84

========================================================
CURRENT: 14905, START: 14905, AB DL: 15054
TF: 0, SLACK: 1490, REAL DL: 149
LEVEL: 1, step: 324117263, CLOCK: 324433523

========================================================
PREV: 0x80800e84, NEXT: 0xffc3fe64
PREV: 0xffc3fe64, NEXT: 0xffc3bd08


*** The last thread under control of EPOS has finished.
*** EPOS is shutting down!
