c[?7l[2J[0mSeaBIOS (version 1.16.3-2.fc40)


iPXE (https://ipxe.org) 00:03.0 CA00 PCI2.10 PnP PMM+3EFCA420+3EF0A420 CA00
Press Ctrl-B to configure iPXE (PCI 00:03.0)...                                                                               


Booting from Hard Disk...
Boot failed: could not read the boot disk

Booting from Floppy...
Loading EPOS ... done
Ignoring ELF segment 1 at 0x80480d4!

*** This is EPOS!

Setting up this machine as follows: 
  Mode:         library
  Processor:    1 x IA32 at 2000 MHz (BUS clock = 2000 MHz)
  Machine:      PC
  Memory:       1048576 KB [0x00000000:0x40000000]
  User memory:  1047472 KB [0x00000000:0x3feec000]
  I/O space:    28612 KB [0xfd000000:0xfebf1000]
  Node Id:      will get from the network!
  Position:     will get from the network!
  Setup:        22592 bytes
  APP code:     28672 bytes	data: 4214784 bytes

Producer x Consumer
P->a C<-a P->b C<-b P->c C<-c P->d C<-d P->e C<-e P->f C<-f P->g C<-g P->h C<-h 
P->i C<-i P->j C<-j P->k C<-k P->l C<-l P->m C<-m P->n C<-n P->o C<-o P->p C<-p 
P->a C<-a P->b C<-b P->c C<-c P->d C<-d P->e C<-e P->f C<-f P->g C<-g P->h C<-h 
P->i C<-i P->j C<-j P->k C<-k P->l C<-l P->m C<-m P->n C<-n P->o C<-o P->p C<-p 
P->a C<-a P->b C<-b P->c C<-c P->d C<-d P->e C<-e P->f C<-f P->g C<-g P->h C<-h 
P->i C<-i P->j C<-j P->k C<-k P->l C<-l P->m C<-m P->n C<-n P->o C<-o P->p C<-p 
P->a C<-a P->b C<-b P->c C<-c P->d C<-d P->e C<-e P->f C<-f P->g C<-g P->h C<-h 
P->i C<-i P->j C<-j P->k C<-k P->l C<-l P->m C<-m P->n C<-n P->o C<-o P->p C<-p 
P->a C<-a P->b C<-b P->c C<-c P->d C<-d P->e C<-e P->f C<-f P->g C<-g P->h C<-h 
P->i C<-i P->j C<-j P->k C<-k P->l C<-l P->m C<-m P->n C<-n P->o C<-o P->p C<-p 
P->a C<-a P->b C<-b P->c C<-c P->d C<-d P->e C<-e P->f C<-f P->g C<-g P->h C<-h 
P->i C<-i P->j C<-j P->k C<-k P->l C<-l P->m C<-m P->n C<-n P->o C<-o P->p C<-p 
P->a C<-a P->b C<-b P->c C<-c P->d C<-d P->e C<-e P->f C<-f P->g C<-g P->h C<-h 
P->i C<-i P->j C<-j P->k C<-k P->l C<-l P->m C<-m P->n C<-n P->o C<-o P->p C<-p 
P->a C<-a P->b C<-b P->c C<-c P->d C<-d P->e C<-e P->f C<-f P->g C<-g P->h C<-h 
P->i C<-i P->j C<-j P->k C<-k P->l C<-l P->m C<-m P->n C<-n P->o C<-o P->p C<-p 
The end!


*** The last thread under control of EPOS has finished.
*** EPOS is shutting down!
