c[?7l[2J[0mSeaBIOS (version 1.16.3-2.fc40)


iPXE (https://ipxe.org) 00:03.0 CA00 PCI2.10 PnP PMM+3EFCA420+3EF0A420 CA00
Press Ctrl-B to configure iPXE (PCI 00:03.0)...                                                                               


Booting from Hard Disk...
Boot failed: could not read the boot disk

Booting from Floppy...
Loading EPOS ... done
Ignoring ELF segment 1 at 0x80480d4!

*** This is EPOS!

Setting up this machine as follows: 
  Mode:         library
  Processor:    1 x IA32 at 2000 MHz (BUS clock = 2000 MHz)
  Machine:      PC
  Memory:       1048576 KB [0x00000000:0x40000000]
  User memory:  1047472 KB [0x00000000:0x3feec000]
  I/O space:    28612 KB [0xfd000000:0xfebf1000]
  Node Id:      will get from the network!
  Position:     will get from the network!
  Setup:        22592 bytes
  APP code:     32768 bytes	data: 4214784 bytes

(Thread -1) 0 --> Creating Thread
00000000000000000000000000011001
(Thread 0) 0 --> deadline 25
(Thread 0) 0 --> current_time 0
(Thread 0) 0 --> creation_time 0
(Thread 0) 0 --> time_fraction 0.0000
(Thread 0) 0 --> deadline_multiplier 0.0000
(Thread 0) 0 --> execution_time 0.0000
(Thread 0) 0 --> min_cpu 0.2500
(Thread 0) 0 --> max_cpu 1.00000
(Thread 0) 0 --> new_cpu 0.2499
(Thread 0) 0 --> new_cpu_level 2
(Thread 0) 0 --> Setting new frequency to 2
(Thread 0) 0 --> Executing Thread for 1 unit of time...
(Theread 0)  --> TASK: 4, EXEC: 0.2400, ID: 0
====================================== 1 ======================================
(Thread 0) 1 --> Creating Thread
01000000000000000000000000010100
(Thread 0) 1 --> deadline 25
(Thread 0) 1 --> current_time 1
(Thread 0) 1 --> creation_time 0
(Thread 0) 1 --> time_fraction 0.0399
(Thread 0) 1 --> deadline_multiplier 0.0407
(Thread 0) 1 --> execution_time 0.2400
(Thread 0) 1 --> min_cpu 0.2500
(Thread 0) 1 --> max_cpu 1.00000
(Thread 0) 1 --> new_cpu 0.2805
(Thread 0) 1 --> new_cpu_level 3
(Thread 0) 1 --> Setting new frequency to 3
(Thread 0) 1 --> Executing Thread for 1 unit of time...
(Theread 0)  --> TASK: 4, EXEC: 0.5279, ID: 0
====================================== 2 ======================================
(Thread 0) 2 --> Creating Thread
00000000000000000000000000001111
(Thread 2) 2 --> deadline 15
(Thread 2) 2 --> current_time 2
(Thread 2) 2 --> creation_time 0
(Thread 2) 2 --> time_fraction 0.1333
(Thread 2) 2 --> deadline_multiplier 0.1385
(Thread 2) 2 --> execution_time 0.0000
(Thread 2) 2 --> min_cpu 0.2500
(Thread 2) 2 --> max_cpu 1.00000
(Thread 2) 2 --> new_cpu 0.3539
(Thread 2) 2 --> new_cpu_level 4
(Thread 2) 2 --> Setting new frequency to 4
(Thread 2) 2 --> Executing Thread for 1 unit of time...
(Theread 2)  --> TASK: 6, EXEC: 0.3456, ID: 2
====================================== 3 ======================================
(Thread 2) 3 --> Creating Thread
00000000000000000000000000010100
(Thread 2) 3 --> deadline 15
(Thread 2) 3 --> current_time 3
(Thread 2) 3 --> creation_time 0
(Thread 2) 3 --> time_fraction 0.2000
(Thread 2) 3 --> deadline_multiplier 0.2107
(Thread 2) 3 --> execution_time 0.3456
(Thread 2) 3 --> min_cpu 0.2500
(Thread 2) 3 --> max_cpu 1.00000
(Thread 2) 3 --> new_cpu 0.4080
(Thread 2) 3 --> new_cpu_level 4
(Thread 2) 3 --> Setting new frequency to 4
(Thread 2) 3 --> Executing Thread for 1 unit of time...
(Theread 2)  --> TASK: 6, EXEC: 0.6912, ID: 2
====================================== 4 ======================================
(Thread 2) 4 --> deadline 15
(Thread 2) 4 --> current_time 4
(Thread 2) 4 --> creation_time 0
(Thread 2) 4 --> time_fraction 0.2666
(Thread 2) 4 --> deadline_multiplier 0.2850
(Thread 2) 4 --> execution_time 0.6912
(Thread 2) 4 --> min_cpu 0.2500
(Thread 2) 4 --> max_cpu 1.00000
(Thread 2) 4 --> new_cpu 0.4637
(Thread 2) 4 --> new_cpu_level 5
(Thread 2) 4 --> Setting new frequency to 5
(Thread 2) 4 --> Executing Thread for 1 unit of time...
(Theread 2)  --> TASK: 6, EXEC: 1.1059, ID: 2
====================================== 5 ======================================
(Thread 2) 5 --> deadline 15
(Thread 2) 5 --> current_time 5
(Thread 2) 5 --> creation_time 0
(Thread 2) 5 --> time_fraction 0.3333
(Thread 2) 5 --> deadline_multiplier 0.3617
(Thread 2) 5 --> execution_time 1.1059
(Thread 2) 5 --> min_cpu 0.2500
(Thread 2) 5 --> max_cpu 1.00000
(Thread 2) 5 --> new_cpu 0.5212
(Thread 2) 5 --> new_cpu_level 5
(Thread 2) 5 --> Setting new frequency to 5
(Thread 2) 5 --> Executing Thread for 1 unit of time...
(Theread 2)  --> TASK: 6, EXEC: 1.5206, ID: 2
====================================== 6 ======================================
(Thread 2) 6 --> deadline 15
(Thread 2) 6 --> current_time 6
(Thread 2) 6 --> creation_time 0
(Thread 2) 6 --> time_fraction 0.4000
(Thread 2) 6 --> deadline_multiplier 0.4410
(Thread 2) 6 --> execution_time 1.5206
(Thread 2) 6 --> min_cpu 0.2500
(Thread 2) 6 --> max_cpu 1.00000
(Thread 2) 6 --> new_cpu 0.5807
(Thread 2) 6 --> new_cpu_level 6
(Thread 2) 6 --> Setting new frequency to 6
(Thread 2) 6 --> Executing Thread for 1 unit of time...
(Theread 2)  --> TASK: 6, EXEC: 2.0183, ID: 2
====================================== 7 ======================================
(Thread 2) 7 --> deadline 15
(Thread 2) 7 --> current_time 7
(Thread 2) 7 --> creation_time 0
(Thread 2) 7 --> time_fraction 0.4666
(Thread 2) 7 --> deadline_multiplier 0.5231
(Thread 2) 7 --> execution_time 2.0183
(Thread 2) 7 --> min_cpu 0.2500
(Thread 2) 7 --> max_cpu 1.00000
(Thread 2) 7 --> new_cpu 0.6423
(Thread 2) 7 --> new_cpu_level 6
(Thread 2) 7 --> Setting new frequency to 6
(Thread 2) 7 --> Executing Thread for 1 unit of time...
(Theread 2)  --> TASK: 6, EXEC: 2.5159, ID: 2
====================================== 8 ======================================
(Thread 2) 8 --> deadline 15
(Thread 2) 8 --> current_time 8
(Thread 2) 8 --> creation_time 0
(Thread 2) 8 --> time_fraction 0.5333
(Thread 2) 8 --> deadline_multiplier 0.6085
(Thread 2) 8 --> execution_time 2.5159
(Thread 2) 8 --> min_cpu 0.2500
(Thread 2) 8 --> max_cpu 1.00000
(Thread 2) 8 --> new_cpu 0.7064
(Thread 2) 8 --> new_cpu_level 7
(Thread 2) 8 --> Setting new frequency to 7
(Thread 2) 8 --> Executing Thread for 1 unit of time...
(Theread 2)  --> TASK: 6, EXEC: 3.1131, ID: 2
====================================== 9 ======================================
(Thread 2) 9 --> deadline 15
(Thread 2) 9 --> current_time 9
(Thread 2) 9 --> creation_time 0
(Thread 2) 9 --> time_fraction 0.6000
(Thread 2) 9 --> deadline_multiplier 0.6976
(Thread 2) 9 --> execution_time 3.1131
(Thread 2) 9 --> min_cpu 0.2500
(Thread 2) 9 --> max_cpu 1.00000
(Thread 2) 9 --> new_cpu 0.7732
(Thread 2) 9 --> new_cpu_level 8
(Thread 2) 9 --> Setting new frequency to 8
(Thread 2) 9 --> Executing Thread for 1 unit of time...
(Theread 2)  --> TASK: 6, EXEC: 3.8298, ID: 2
====================================== 10 ======================================

(Thread 2) 10 --> deadline 15
(Thread 2) 10 --> current_time 10
(Thread 2) 10 --> creation_time 0
(Thread 2) 10 --> time_fraction 0.6666
(Thread 2) 10 --> deadline_multiplier 0.7908
(Thread 2) 10 --> execution_time 3.8298
(Thread 2) 10 --> min_cpu 0.2500
(Thread 2) 10 --> max_cpu 1.00000
(Thread 2) 10 --> new_cpu 0.8431
(Thread 2) 10 --> new_cpu_level 8
(Thread 2) 10 --> Setting new frequency to 8
(Thread 2) 10 --> Executing Thread for 1 unit of time...
(Theread 2)  --> TASK: 6, EXEC: 4.5464, ID: 2
====================================== 11 ======================================

(Thread 2) 11 --> deadline 15
(Thread 2) 11 --> current_time 11
(Thread 2) 11 --> creation_time 0
(Thread 2) 11 --> time_fraction 0.7333
(Thread 2) 11 --> deadline_multiplier 0.8887
(Thread 2) 11 --> execution_time 4.5464
(Thread 2) 11 --> min_cpu 0.2500
(Thread 2) 11 --> max_cpu 1.00000
(Thread 2) 11 --> new_cpu 0.9165
(Thread 2) 11 --> new_cpu_level 9
(Thread 2) 11 --> Setting new frequency to 9
(Thread 2) 11 --> Executing Thread for 1 unit of time...
(Theread 2)  --> TASK: 6, EXEC: 5.4064, ID: 2
====================================== 12 ======================================

(Thread 2) 12 --> deadline 15
(Thread 2) 12 --> current_time 12
(Thread 2) 12 --> creation_time 0
(Thread 2) 12 --> time_fraction 0.8000
(Thread 2) 12 --> deadline_multiplier 1.00000
(Thread 2) 12 --> execution_time 5.4064
(Thread 2) 12 --> min_cpu 0.2500
(Thread 2) 12 --> max_cpu 1.00000
(Thread 2) 12 --> new_cpu 1.00000
(Thread 2) 12 --> new_cpu_level 10
(Thread 2) 12 --> Setting new frequency to 10
(Thread 2) 12 --> Executing Thread for 1 unit of time...
(Theread 2)  --> TASK: 6, EXEC: 6.4383, ID: 2
(Theread 2)  --> TASK: 6, EXEC: 6.4383, ID: 2
Readding thread
New Deadline: 30
New Creation Time: 15
(Thread 2) 12 --> Thread finished execution.
====================================== 13 ======================================

(Thread 3) 13 --> deadline 20
(Thread 3) 13 --> current_time 13
(Thread 3) 13 --> creation_time 0
(Thread 3) 13 --> time_fraction 0.6499
(Thread 3) 13 --> deadline_multiplier 0.7670
(Thread 3) 13 --> execution_time 0.0000
(Thread 3) 13 --> min_cpu 0.2500
(Thread 3) 13 --> max_cpu 1.00000
(Thread 3) 13 --> new_cpu 0.8253
(Thread 3) 13 --> new_cpu_level 8
(Thread 3) 13 --> Setting new frequency to 8
(Thread 3) 13 --> Executing Thread for 1 unit of time...
(Theread 3)  --> TASK: 5, EXEC: 0.7166, ID: 3
====================================== 14 ======================================

(Thread 3) 14 --> deadline 20
(Thread 3) 14 --> current_time 14
(Thread 3) 14 --> creation_time 0
(Thread 3) 14 --> time_fraction 0.6999
(Thread 3) 14 --> deadline_multiplier 0.8391
(Thread 3) 14 --> execution_time 0.7166
(Thread 3) 14 --> min_cpu 0.2500
(Thread 3) 14 --> max_cpu 1.00000
(Thread 3) 14 --> new_cpu 0.8793
(Thread 3) 14 --> new_cpu_level 9
(Thread 3) 14 --> Setting new frequency to 9
(Thread 3) 14 --> Executing Thread for 1 unit of time...
(Theread 3)  --> TASK: 5, EXEC: 1.5765, ID: 3
====================================== 15 ======================================

(Thread 3) 15 --> deadline 20
(Thread 3) 15 --> current_time 15
(Thread 3) 15 --> creation_time 0
(Thread 3) 15 --> time_fraction 0.7500
(Thread 3) 15 --> deadline_multiplier 0.9141
(Thread 3) 15 --> execution_time 1.5765
(Thread 3) 15 --> min_cpu 0.2500
(Thread 3) 15 --> max_cpu 1.00000
(Thread 3) 15 --> new_cpu 0.9355
(Thread 3) 15 --> new_cpu_level 9
(Thread 3) 15 --> Setting new frequency to 9
(Thread 3) 15 --> Executing Thread for 1 unit of time...
(Theread 3)  --> TASK: 5, EXEC: 2.4365, ID: 3
====================================== 16 ======================================

(Thread 3) 16 --> deadline 20
(Thread 3) 16 --> current_time 16
(Thread 3) 16 --> creation_time 0
(Thread 3) 16 --> time_fraction 0.8000
(Thread 3) 16 --> deadline_multiplier 1.00000
(Thread 3) 16 --> execution_time 2.4365
(Thread 3) 16 --> min_cpu 0.2500
(Thread 3) 16 --> max_cpu 1.00000
(Thread 3) 16 --> new_cpu 1.00000
(Thread 3) 16 --> new_cpu_level 10
(Thread 3) 16 --> Setting new frequency to 10
(Thread 3) 16 --> Executing Thread for 1 unit of time...
(Theread 3)  --> TASK: 5, EXEC: 3.4685, ID: 3
====================================== 17 ======================================

(Thread 3) 17 --> deadline 20
(Thread 3) 17 --> current_time 17
(Thread 3) 17 --> creation_time 0
(Thread 3) 17 --> time_fraction 0.8500
(Thread 3) 17 --> deadline_multiplier 1.00000
(Thread 3) 17 --> execution_time 3.4685
(Thread 3) 17 --> min_cpu 0.2500
(Thread 3) 17 --> max_cpu 1.00000
(Thread 3) 17 --> new_cpu 1.00000
(Thread 3) 17 --> new_cpu_level 10
(Thread 3) 17 --> Setting new frequency to 10
(Thread 3) 17 --> Executing Thread for 1 unit of time...
(Theread 3)  --> TASK: 5, EXEC: 4.5004, ID: 3
====================================== 18 ======================================

(Thread 3) 18 --> deadline 20
(Thread 3) 18 --> current_time 18
(Thread 3) 18 --> creation_time 0
(Thread 3) 18 --> time_fraction 0.8999
(Thread 3) 18 --> deadline_multiplier 1.00000
(Thread 3) 18 --> execution_time 4.5004
(Thread 3) 18 --> min_cpu 0.2500
(Thread 3) 18 --> max_cpu 1.00000
(Thread 3) 18 --> new_cpu 1.00000
(Thread 3) 18 --> new_cpu_level 10
(Thread 3) 18 --> Setting new frequency to 10
(Thread 3) 18 --> Executing Thread for 1 unit of time...
(Theread 3)  --> TASK: 5, EXEC: 5.5324, ID: 3
(Theread 3)  --> TASK: 5, EXEC: 5.5324, ID: 3
Readding thread
New Deadline: 40
New Creation Time: 20
(Thread 3) 18 --> Thread finished execution.
====================================== 19 ======================================

(Thread 0) 19 --> deadline 25
(Thread 0) 19 --> current_time 19
(Thread 0) 19 --> creation_time 0
(Thread 0) 19 --> time_fraction 0.7599
(Thread 0) 19 --> deadline_multiplier 0.9294
(Thread 0) 19 --> execution_time 0.5279
(Thread 0) 19 --> min_cpu 0.2500
(Thread 0) 19 --> max_cpu 1.00000
(Thread 0) 19 --> new_cpu 0.9471
(Thread 0) 19 --> new_cpu_level 9
(Thread 0) 19 --> Setting new frequency to 9
(Thread 0) 19 --> Executing Thread for 1 unit of time...
(Theread 0)  --> TASK: 4, EXEC: 1.3879, ID: 0
====================================== 20 ======================================

(Thread 0) 20 --> deadline 25
(Thread 0) 20 --> current_time 20
(Thread 0) 20 --> creation_time 0
(Thread 0) 20 --> time_fraction 0.8000
(Thread 0) 20 --> deadline_multiplier 1.00000
(Thread 0) 20 --> execution_time 1.3879
(Thread 0) 20 --> min_cpu 0.2500
(Thread 0) 20 --> max_cpu 1.00000
(Thread 0) 20 --> new_cpu 1.00000
(Thread 0) 20 --> new_cpu_level 10
(Thread 0) 20 --> Setting new frequency to 10
(Thread 0) 20 --> Executing Thread for 1 unit of time...
(Theread 0)  --> TASK: 4, EXEC: 2.4199, ID: 0
====================================== 21 ======================================

(Thread 0) 21 --> deadline 25
(Thread 0) 21 --> current_time 21
(Thread 0) 21 --> creation_time 0
(Thread 0) 21 --> time_fraction 0.8399
(Thread 0) 21 --> deadline_multiplier 1.00000
(Thread 0) 21 --> execution_time 2.4199
(Thread 0) 21 --> min_cpu 0.2500
(Thread 0) 21 --> max_cpu 1.00000
(Thread 0) 21 --> new_cpu 1.00000
(Thread 0) 21 --> new_cpu_level 10
(Thread 0) 21 --> Setting new frequency to 10
(Thread 0) 21 --> Executing Thread for 1 unit of time...
(Theread 0)  --> TASK: 4, EXEC: 3.4518, ID: 0
====================================== 22 ======================================

(Thread 0) 22 --> deadline 25
(Thread 0) 22 --> current_time 22
(Thread 0) 22 --> creation_time 0
(Thread 0) 22 --> time_fraction 0.8799
(Thread 0) 22 --> deadline_multiplier 1.00000
(Thread 0) 22 --> execution_time 3.4518
(Thread 0) 22 --> min_cpu 0.2500
(Thread 0) 22 --> max_cpu 1.00000
(Thread 0) 22 --> new_cpu 1.00000
(Thread 0) 22 --> new_cpu_level 10
(Thread 0) 22 --> Setting new frequency to 10
(Thread 0) 22 --> Executing Thread for 1 unit of time...
(Theread 0)  --> TASK: 4, EXEC: 4.4838, ID: 0
(Theread 0)  --> TASK: 4, EXEC: 4.4838, ID: 0
Readding thread
New Deadline: 50
New Creation Time: 25
(Thread 0) 22 --> Thread finished execution.
====================================== 23 ======================================

(Thread 2) 23 --> deadline 30
(Thread 2) 23 --> current_time 23
(Thread 2) 23 --> creation_time 15
(Thread 2) 23 --> time_fraction 0.5333
(Thread 2) 23 --> deadline_multiplier 0.6085
(Thread 2) 23 --> execution_time 0.0000
(Thread 2) 23 --> min_cpu 0.2500
(Thread 2) 23 --> max_cpu 1.00000
(Thread 2) 23 --> new_cpu 0.7064
(Thread 2) 23 --> new_cpu_level 7
(Thread 2) 23 --> Setting new frequency to 7
(Thread 2) 23 --> Executing Thread for 1 unit of time...
(Theread 2)  --> TASK: 6, EXEC: 0.5971, ID: 2
====================================== 24 ======================================

(Thread 2) 24 --> deadline 30
(Thread 2) 24 --> current_time 24
(Thread 2) 24 --> creation_time 15
(Thread 2) 24 --> time_fraction 0.6000
(Thread 2) 24 --> deadline_multiplier 0.6976
(Thread 2) 24 --> execution_time 0.5971
(Thread 2) 24 --> min_cpu 0.2500
(Thread 2) 24 --> max_cpu 1.00000
(Thread 2) 24 --> new_cpu 0.7732
(Thread 2) 24 --> new_cpu_level 8
(Thread 2) 24 --> Setting new frequency to 8
(Thread 2) 24 --> Executing Thread for 1 unit of time...
(Theread 2)  --> TASK: 6, EXEC: 1.3138, ID: 2
====================================== 25 ======================================

(Thread 2) 25 --> deadline 30
(Thread 2) 25 --> current_time 25
(Thread 2) 25 --> creation_time 15
(Thread 2) 25 --> time_fraction 0.6666
(Thread 2) 25 --> deadline_multiplier 0.7908
(Thread 2) 25 --> execution_time 1.3138
(Thread 2) 25 --> min_cpu 0.2500
(Thread 2) 25 --> max_cpu 1.00000
(Thread 2) 25 --> new_cpu 0.8431
(Thread 2) 25 --> new_cpu_level 8
(Thread 2) 25 --> Setting new frequency to 8
(Thread 2) 25 --> Executing Thread for 1 unit of time...
(Theread 2)  --> TASK: 6, EXEC: 2.0304, ID: 2
====================================== 26 ======================================

(Thread 2) 26 --> deadline 30
(Thread 2) 26 --> current_time 26
(Thread 2) 26 --> creation_time 15
(Thread 2) 26 --> time_fraction 0.7333
(Thread 2) 26 --> deadline_multiplier 0.8887
(Thread 2) 26 --> execution_time 2.0304
(Thread 2) 26 --> min_cpu 0.2500
(Thread 2) 26 --> max_cpu 1.00000
(Thread 2) 26 --> new_cpu 0.9165
(Thread 2) 26 --> new_cpu_level 9
(Thread 2) 26 --> Setting new frequency to 9
(Thread 2) 26 --> Executing Thread for 1 unit of time...
(Theread 2)  --> TASK: 6, EXEC: 2.8904, ID: 2
====================================== 27 ======================================

(Thread 2) 27 --> deadline 30
(Thread 2) 27 --> current_time 27
(Thread 2) 27 --> creation_time 15
(Thread 2) 27 --> time_fraction 0.8000
(Thread 2) 27 --> deadline_multiplier 1.00000
(Thread 2) 27 --> execution_time 2.8904
(Thread 2) 27 --> min_cpu 0.2500
(Thread 2) 27 --> max_cpu 1.00000
(Thread 2) 27 --> new_cpu 1.00000
(Thread 2) 27 --> new_cpu_level 10
(Thread 2) 27 --> Setting new frequency to 10
(Thread 2) 27 --> Executing Thread for 1 unit of time...
(Theread 2)  --> TASK: 6, EXEC: 3.9223, ID: 2
====================================== 28 ======================================

(Thread 2) 28 --> deadline 30
(Thread 2) 28 --> current_time 28
(Thread 2) 28 --> creation_time 15
(Thread 2) 28 --> time_fraction 0.8666
(Thread 2) 28 --> deadline_multiplier 1.00000
(Thread 2) 28 --> execution_time 3.9223
(Thread 2) 28 --> min_cpu 0.2500
(Thread 2) 28 --> max_cpu 1.00000
(Thread 2) 28 --> new_cpu 1.00000
(Thread 2) 28 --> new_cpu_level 10
(Thread 2) 28 --> Setting new frequency to 10
(Thread 2) 28 --> Executing Thread for 1 unit of time...
(Theread 2)  --> TASK: 6, EXEC: 4.9543, ID: 2
====================================== 29 ======================================

(Thread 2) 29 --> deadline 30
(Thread 2) 29 --> current_time 29
(Thread 2) 29 --> creation_time 15
(Thread 2) 29 --> time_fraction 0.9333
(Thread 2) 29 --> deadline_multiplier 1.00000
(Thread 2) 29 --> execution_time 4.9543
(Thread 2) 29 --> min_cpu 0.2500
(Thread 2) 29 --> max_cpu 1.00000
(Thread 2) 29 --> new_cpu 1.00000
(Thread 2) 29 --> new_cpu_level 10
(Thread 2) 29 --> Setting new frequency to 10
(Thread 2) 29 --> Executing Thread for 1 unit of time...
(Theread 2)  --> TASK: 6, EXEC: 5.9863, ID: 2
====================================== 30 ======================================

(Thread 2) 30 --> deadline 30
(Thread 2) 30 --> current_time 30
(Thread 2) 30 --> creation_time 15
(Thread 2) 30 --> time_fraction 1.00000
(Thread 2) 30 --> deadline_multiplier 1.00000
(Thread 2) 30 --> execution_time 5.9863
(Thread 2) 30 --> min_cpu 0.2500
(Thread 2) 30 --> max_cpu 1.00000
(Thread 2) 30 --> new_cpu 1.00000
(Thread 2) 30 --> new_cpu_level 10
(Thread 2) 30 --> Setting new frequency to 10
(Thread 2) 30 --> Executing Thread for 1 unit of time...
(Theread 2)  --> TASK: 6, EXEC: 7.0182, ID: 2
(Theread 2)  --> TASK: 6, EXEC: 7.0182, ID: 2
Readding thread
New Deadline: 45
New Creation Time: 30
(Thread 2) 30 --> Thread finished execution.
====================================== 31 ======================================

(Thread 3) 31 --> deadline 40
(Thread 3) 31 --> current_time 31
(Thread 3) 31 --> creation_time 20
(Thread 3) 31 --> time_fraction 0.5500
(Thread 3) 31 --> deadline_multiplier 0.6304
(Thread 3) 31 --> execution_time 0.0000
(Thread 3) 31 --> min_cpu 0.2500
(Thread 3) 31 --> max_cpu 1.00000
(Thread 3) 31 --> new_cpu 0.7228
(Thread 3) 31 --> new_cpu_level 7
(Thread 3) 31 --> Setting new frequency to 7
(Thread 3) 31 --> Executing Thread for 1 unit of time...
(Theread 3)  --> TASK: 5, EXEC: 0.5971, ID: 3
====================================== 32 ======================================

(Thread 3) 32 --> deadline 40
(Thread 3) 32 --> current_time 32
(Thread 3) 32 --> creation_time 20
(Thread 3) 32 --> time_fraction 0.6000
(Thread 3) 32 --> deadline_multiplier 0.6976
(Thread 3) 32 --> execution_time 0.5971
(Thread 3) 32 --> min_cpu 0.2500
(Thread 3) 32 --> max_cpu 1.00000
(Thread 3) 32 --> new_cpu 0.7732
(Thread 3) 32 --> new_cpu_level 8
(Thread 3) 32 --> Setting new frequency to 8
(Thread 3) 32 --> Executing Thread for 1 unit of time...
(Theread 3)  --> TASK: 5, EXEC: 1.3138, ID: 3
====================================== 33 ======================================

(Thread 3) 33 --> deadline 40
(Thread 3) 33 --> current_time 33
(Thread 3) 33 --> creation_time 20
(Thread 3) 33 --> time_fraction 0.6499
(Thread 3) 33 --> deadline_multiplier 0.7670
(Thread 3) 33 --> execution_time 1.3138
(Thread 3) 33 --> min_cpu 0.2500
(Thread 3) 33 --> max_cpu 1.00000
(Thread 3) 33 --> new_cpu 0.8253
(Thread 3) 33 --> new_cpu_level 8
(Thread 3) 33 --> Setting new frequency to 8
(Thread 3) 33 --> Executing Thread for 1 unit of time...
(Theread 3)  --> TASK: 5, EXEC: 2.0304, ID: 3
====================================== 34 ======================================

(Thread 3) 34 --> deadline 40
(Thread 3) 34 --> current_time 34
(Thread 3) 34 --> creation_time 20
(Thread 3) 34 --> time_fraction 0.6999
(Thread 3) 34 --> deadline_multiplier 0.8391
(Thread 3) 34 --> execution_time 2.0304
(Thread 3) 34 --> min_cpu 0.2500
(Thread 3) 34 --> max_cpu 1.00000
(Thread 3) 34 --> new_cpu 0.8793
(Thread 3) 34 --> new_cpu_level 9
(Thread 3) 34 --> Setting new frequency to 9
(Thread 3) 34 --> Executing Thread for 1 unit of time...
(Theread 3)  --> TASK: 5, EXEC: 2.8904, ID: 3
====================================== 35 ======================================

(Thread 3) 35 --> deadline 40
(Thread 3) 35 --> current_time 35
(Thread 3) 35 --> creation_time 20
(Thread 3) 35 --> time_fraction 0.7500
(Thread 3) 35 --> deadline_multiplier 0.9141
(Thread 3) 35 --> execution_time 2.8904
(Thread 3) 35 --> min_cpu 0.2500
(Thread 3) 35 --> max_cpu 1.00000
(Thread 3) 35 --> new_cpu 0.9355
(Thread 3) 35 --> new_cpu_level 9
(Thread 3) 35 --> Setting new frequency to 9
(Thread 3) 35 --> Executing Thread for 1 unit of time...
(Theread 3)  --> TASK: 5, EXEC: 3.7503, ID: 3
====================================== 36 ======================================

(Thread 3) 36 --> deadline 40
(Thread 3) 36 --> current_time 36
(Thread 3) 36 --> creation_time 20
(Thread 3) 36 --> time_fraction 0.8000
(Thread 3) 36 --> deadline_multiplier 1.00000
(Thread 3) 36 --> execution_time 3.7503
(Thread 3) 36 --> min_cpu 0.2500
(Thread 3) 36 --> max_cpu 1.00000
(Thread 3) 36 --> new_cpu 1.00000
(Thread 3) 36 --> new_cpu_level 10
(Thread 3) 36 --> Setting new frequency to 10
(Thread 3) 36 --> Executing Thread for 1 unit of time...
(Theread 3)  --> TASK: 5, EXEC: 4.7823, ID: 3
====================================== 37 ======================================

(Thread 3) 37 --> deadline 40
(Thread 3) 37 --> current_time 37
(Thread 3) 37 --> creation_time 20
(Thread 3) 37 --> time_fraction 0.8500
(Thread 3) 37 --> deadline_multiplier 1.00000
(Thread 3) 37 --> execution_time 4.7823
(Thread 3) 37 --> min_cpu 0.2500
(Thread 3) 37 --> max_cpu 1.00000
(Thread 3) 37 --> new_cpu 1.00000
(Thread 3) 37 --> new_cpu_level 10
(Thread 3) 37 --> Setting new frequency to 10
(Thread 3) 37 --> Executing Thread for 1 unit of time...
(Theread 3)  --> TASK: 5, EXEC: 5.8143, ID: 3
(Theread 3)  --> TASK: 5, EXEC: 5.8143, ID: 3
Readding thread
New Deadline: 60
New Creation Time: 40
(Thread 3) 37 --> Thread finished execution.
====================================== 38 ======================================

(Thread 2) 38 --> deadline 45
(Thread 2) 38 --> current_time 38
(Thread 2) 38 --> creation_time 30
(Thread 2) 38 --> time_fraction 0.5333
(Thread 2) 38 --> deadline_multiplier 0.6085
(Thread 2) 38 --> execution_time 0.0000
(Thread 2) 38 --> min_cpu 0.2500
(Thread 2) 38 --> max_cpu 1.00000
(Thread 2) 38 --> new_cpu 0.7064
(Thread 2) 38 --> new_cpu_level 7
(Thread 2) 38 --> Setting new frequency to 7
(Thread 2) 38 --> Executing Thread for 1 unit of time...
(Theread 2)  --> TASK: 6, EXEC: 0.5971, ID: 2
====================================== 39 ======================================

(Thread 2) 39 --> deadline 45
(Thread 2) 39 --> current_time 39
(Thread 2) 39 --> creation_time 30
(Thread 2) 39 --> time_fraction 0.6000
(Thread 2) 39 --> deadline_multiplier 0.6976
(Thread 2) 39 --> execution_time 0.5971
(Thread 2) 39 --> min_cpu 0.2500
(Thread 2) 39 --> max_cpu 1.00000
(Thread 2) 39 --> new_cpu 0.7732
(Thread 2) 39 --> new_cpu_level 8
(Thread 2) 39 --> Setting new frequency to 8
(Thread 2) 39 --> Executing Thread for 1 unit of time...
(Theread 2)  --> TASK: 6, EXEC: 1.3138, ID: 2
====================================== 40 ======================================

(Thread 2) 40 --> deadline 45
(Thread 2) 40 --> current_time 40
(Thread 2) 40 --> creation_time 30
(Thread 2) 40 --> time_fraction 0.6666
(Thread 2) 40 --> deadline_multiplier 0.7908
(Thread 2) 40 --> execution_time 1.3138
(Thread 2) 40 --> min_cpu 0.2500
(Thread 2) 40 --> max_cpu 1.00000
(Thread 2) 40 --> new_cpu 0.8431
(Thread 2) 40 --> new_cpu_level 8
(Thread 2) 40 --> Setting new frequency to 8
(Thread 2) 40 --> Executing Thread for 1 unit of time...
(Theread 2)  --> TASK: 6, EXEC: 2.0304, ID: 2
====================================== 41 ======================================

(Thread 2) 41 --> deadline 45
(Thread 2) 41 --> current_time 41
(Thread 2) 41 --> creation_time 30
(Thread 2) 41 --> time_fraction 0.7333
(Thread 2) 41 --> deadline_multiplier 0.8887
(Thread 2) 41 --> execution_time 2.0304
(Thread 2) 41 --> min_cpu 0.2500
(Thread 2) 41 --> max_cpu 1.00000
(Thread 2) 41 --> new_cpu 0.9165
(Thread 2) 41 --> new_cpu_level 9
(Thread 2) 41 --> Setting new frequency to 9
(Thread 2) 41 --> Executing Thread for 1 unit of time...
(Theread 2)  --> TASK: 6, EXEC: 2.8904, ID: 2
====================================== 42 ======================================

(Thread 2) 42 --> deadline 45
(Thread 2) 42 --> current_time 42
(Thread 2) 42 --> creation_time 30
(Thread 2) 42 --> time_fraction 0.8000
(Thread 2) 42 --> deadline_multiplier 1.00000
(Thread 2) 42 --> execution_time 2.8904
(Thread 2) 42 --> min_cpu 0.2500
(Thread 2) 42 --> max_cpu 1.00000
(Thread 2) 42 --> new_cpu 1.00000
(Thread 2) 42 --> new_cpu_level 10
(Thread 2) 42 --> Setting new frequency to 10
(Thread 2) 42 --> Executing Thread for 1 unit of time...
(Theread 2)  --> TASK: 6, EXEC: 3.9223, ID: 2
====================================== 43 ======================================

(Thread 2) 43 --> deadline 45
(Thread 2) 43 --> current_time 43
(Thread 2) 43 --> creation_time 30
(Thread 2) 43 --> time_fraction 0.8666
(Thread 2) 43 --> deadline_multiplier 1.00000
(Thread 2) 43 --> execution_time 3.9223
(Thread 2) 43 --> min_cpu 0.2500
(Thread 2) 43 --> max_cpu 1.00000
(Thread 2) 43 --> new_cpu 1.00000
(Thread 2) 43 --> new_cpu_level 10
(Thread 2) 43 --> Setting new frequency to 10
(Thread 2) 43 --> Executing Thread for 1 unit of time...
(Theread 2)  --> TASK: 6, EXEC: 4.9543, ID: 2
====================================== 44 ======================================

(Thread 2) 44 --> deadline 45
(Thread 2) 44 --> current_time 44
(Thread 2) 44 --> creation_time 30
(Thread 2) 44 --> time_fraction 0.9333
(Thread 2) 44 --> deadline_multiplier 1.00000
(Thread 2) 44 --> execution_time 4.9543
(Thread 2) 44 --> min_cpu 0.2500
(Thread 2) 44 --> max_cpu 1.00000
(Thread 2) 44 --> new_cpu 1.00000
(Thread 2) 44 --> new_cpu_level 10
(Thread 2) 44 --> Setting new frequency to 10
(Thread 2) 44 --> Executing Thread for 1 unit of time...
(Theread 2)  --> TASK: 6, EXEC: 5.9863, ID: 2
====================================== 45 ======================================

(Thread 2) 45 --> deadline 45
(Thread 2) 45 --> current_time 45
(Thread 2) 45 --> creation_time 30
(Thread 2) 45 --> time_fraction 1.00000
(Thread 2) 45 --> deadline_multiplier 1.00000
(Thread 2) 45 --> execution_time 5.9863
(Thread 2) 45 --> min_cpu 0.2500
(Thread 2) 45 --> max_cpu 1.00000
(Thread 2) 45 --> new_cpu 1.00000
(Thread 2) 45 --> new_cpu_level 10
(Thread 2) 45 --> Setting new frequency to 10
(Thread 2) 45 --> Executing Thread for 1 unit of time...
(Theread 2)  --> TASK: 6, EXEC: 7.0182, ID: 2
(Theread 2)  --> TASK: 6, EXEC: 7.0182, ID: 2
Readding thread
New Deadline: 60
New Creation Time: 45
(Thread 2) 45 --> Thread finished execution.
====================================== 46 ======================================

(Thread 0) 46 --> deadline 50
(Thread 0) 46 --> current_time 46
(Thread 0) 46 --> creation_time 25
(Thread 0) 46 --> time_fraction 0.8399
(Thread 0) 46 --> deadline_multiplier 1.00000
(Thread 0) 46 --> execution_time 0.0000
(Thread 0) 46 --> min_cpu 0.2500
(Thread 0) 46 --> max_cpu 1.00000
(Thread 0) 46 --> new_cpu 1.00000
(Thread 0) 46 --> new_cpu_level 10
(Thread 0) 46 --> Setting new frequency to 10
(Thread 0) 46 --> Executing Thread for 1 unit of time...
(Theread 0)  --> TASK: 4, EXEC: 1.0319, ID: 0
====================================== 47 ======================================

(Thread 0) 47 --> deadline 50
(Thread 0) 47 --> current_time 47
(Thread 0) 47 --> creation_time 25
(Thread 0) 47 --> time_fraction 0.8799
(Thread 0) 47 --> deadline_multiplier 1.00000
(Thread 0) 47 --> execution_time 1.0319
(Thread 0) 47 --> min_cpu 0.2500
(Thread 0) 47 --> max_cpu 1.00000
(Thread 0) 47 --> new_cpu 1.00000
(Thread 0) 47 --> new_cpu_level 10
(Thread 0) 47 --> Setting new frequency to 10
(Thread 0) 47 --> Executing Thread for 1 unit of time...
(Theread 0)  --> TASK: 4, EXEC: 2.0639, ID: 0
====================================== 48 ======================================

(Thread 0) 48 --> deadline 50
(Thread 0) 48 --> current_time 48
(Thread 0) 48 --> creation_time 25
(Thread 0) 48 --> time_fraction 0.9200
(Thread 0) 48 --> deadline_multiplier 1.00000
(Thread 0) 48 --> execution_time 2.0639
(Thread 0) 48 --> min_cpu 0.2500
(Thread 0) 48 --> max_cpu 1.00000
(Thread 0) 48 --> new_cpu 1.00000
(Thread 0) 48 --> new_cpu_level 10
(Thread 0) 48 --> Setting new frequency to 10
(Thread 0) 48 --> Executing Thread for 1 unit of time...
(Theread 0)  --> TASK: 4, EXEC: 3.0958, ID: 0
====================================== 49 ======================================

(Thread 0) 49 --> deadline 50
(Thread 0) 49 --> current_time 49
(Thread 0) 49 --> creation_time 25
(Thread 0) 49 --> time_fraction 0.9599
(Thread 0) 49 --> deadline_multiplier 1.00000
(Thread 0) 49 --> execution_time 3.0958
(Thread 0) 49 --> min_cpu 0.2500
(Thread 0) 49 --> max_cpu 1.00000
(Thread 0) 49 --> new_cpu 1.00000
(Thread 0) 49 --> new_cpu_level 10
(Thread 0) 49 --> Setting new frequency to 10
(Thread 0) 49 --> Executing Thread for 1 unit of time...
(Theread 0)  --> TASK: 4, EXEC: 4.1278, ID: 0
(Theread 0)  --> TASK: 4, EXEC: 4.1278, ID: 0
Readding thread
New Deadline: 75
New Creation Time: 50
(Thread 0) 49 --> Thread finished execution.
====================================== 50 ======================================

(Thread 3) 50 --> deadline 60
(Thread 3) 50 --> current_time 50
(Thread 3) 50 --> creation_time 40
(Thread 3) 50 --> time_fraction 0.5000
(Thread 3) 50 --> deadline_multiplier 0.5654
(Thread 3) 50 --> execution_time 0.0000
(Thread 3) 50 --> min_cpu 0.2500
(Thread 3) 50 --> max_cpu 1.00000
(Thread 3) 50 --> new_cpu 0.6740
(Thread 3) 50 --> new_cpu_level 7
(Thread 3) 50 --> Setting new frequency to 7
(Thread 3) 50 --> Executing Thread for 1 unit of time...
(Theread 3)  --> TASK: 5, EXEC: 0.5971, ID: 3
====================================== 51 ======================================

(Thread 3) 51 --> deadline 60
(Thread 3) 51 --> current_time 51
(Thread 3) 51 --> creation_time 40
(Thread 3) 51 --> time_fraction 0.5500
(Thread 3) 51 --> deadline_multiplier 0.6304
(Thread 3) 51 --> execution_time 0.5971
(Thread 3) 51 --> min_cpu 0.2500
(Thread 3) 51 --> max_cpu 1.00000
(Thread 3) 51 --> new_cpu 0.7228
(Thread 3) 51 --> new_cpu_level 7
(Thread 3) 51 --> Setting new frequency to 7
(Thread 3) 51 --> Executing Thread for 1 unit of time...
(Theread 3)  --> TASK: 5, EXEC: 1.1943, ID: 3
====================================== 52 ======================================

(Thread 3) 52 --> deadline 60
(Thread 3) 52 --> current_time 52
(Thread 3) 52 --> creation_time 40
(Thread 3) 52 --> time_fraction 0.6000
(Thread 3) 52 --> deadline_multiplier 0.6976
(Thread 3) 52 --> execution_time 1.1943
(Thread 3) 52 --> min_cpu 0.2500
(Thread 3) 52 --> max_cpu 1.00000
(Thread 3) 52 --> new_cpu 0.7732
(Thread 3) 52 --> new_cpu_level 8
(Thread 3) 52 --> Setting new frequency to 8
(Thread 3) 52 --> Executing Thread for 1 unit of time...
(Theread 3)  --> TASK: 5, EXEC: 1.9110, ID: 3
====================================== 53 ======================================

(Thread 3) 53 --> deadline 60
(Thread 3) 53 --> current_time 53
(Thread 3) 53 --> creation_time 40
(Thread 3) 53 --> time_fraction 0.6499
(Thread 3) 53 --> deadline_multiplier 0.7670
(Thread 3) 53 --> execution_time 1.9110
(Thread 3) 53 --> min_cpu 0.2500
(Thread 3) 53 --> max_cpu 1.00000
(Thread 3) 53 --> new_cpu 0.8253
(Thread 3) 53 --> new_cpu_level 8
(Thread 3) 53 --> Setting new frequency to 8
(Thread 3) 53 --> Executing Thread for 1 unit of time...
(Theread 3)  --> TASK: 5, EXEC: 2.6276, ID: 3
====================================== 54 ======================================

(Thread 3) 54 --> deadline 60
(Thread 3) 54 --> current_time 54
(Thread 3) 54 --> creation_time 40
(Thread 3) 54 --> time_fraction 0.6999
(Thread 3) 54 --> deadline_multiplier 0.8391
(Thread 3) 54 --> execution_time 2.6276
(Thread 3) 54 --> min_cpu 0.2500
(Thread 3) 54 --> max_cpu 1.00000
(Thread 3) 54 --> new_cpu 0.8793
(Thread 3) 54 --> new_cpu_level 9
(Thread 3) 54 --> Setting new frequency to 9
(Thread 3) 54 --> Executing Thread for 1 unit of time...
(Theread 3)  --> TASK: 5, EXEC: 3.4876, ID: 3
====================================== 55 ======================================

(Thread 3) 55 --> deadline 60
(Thread 3) 55 --> current_time 55
(Thread 3) 55 --> creation_time 40
(Thread 3) 55 --> time_fraction 0.7500
(Thread 3) 55 --> deadline_multiplier 0.9141
(Thread 3) 55 --> execution_time 3.4876
(Thread 3) 55 --> min_cpu 0.2500
(Thread 3) 55 --> max_cpu 1.00000
(Thread 3) 55 --> new_cpu 0.9355
(Thread 3) 55 --> new_cpu_level 9
(Thread 3) 55 --> Setting new frequency to 9
(Thread 3) 55 --> Executing Thread for 1 unit of time...
(Theread 3)  --> TASK: 5, EXEC: 4.3475, ID: 3
====================================== 56 ======================================

(Thread 3) 56 --> deadline 60
(Thread 3) 56 --> current_time 56
(Thread 3) 56 --> creation_time 40
(Thread 3) 56 --> time_fraction 0.8000
(Thread 3) 56 --> deadline_multiplier 1.00000
(Thread 3) 56 --> execution_time 4.3475
(Thread 3) 56 --> min_cpu 0.2500
(Thread 3) 56 --> max_cpu 1.00000
(Thread 3) 56 --> new_cpu 1.00000
(Thread 3) 56 --> new_cpu_level 10
(Thread 3) 56 --> Setting new frequency to 10
(Thread 3) 56 --> Executing Thread for 1 unit of time...
(Theread 3)  --> TASK: 5, EXEC: 5.3795, ID: 3
(Theread 3)  --> TASK: 5, EXEC: 5.3795, ID: 3
Readding thread
New Deadline: 80
New Creation Time: 60
(Thread 3) 56 --> Thread finished execution.
====================================== 57 ======================================

(Thread 2) 57 --> deadline 60
(Thread 2) 57 --> current_time 57
(Thread 2) 57 --> creation_time 45
(Thread 2) 57 --> time_fraction 0.8000
(Thread 2) 57 --> deadline_multiplier 1.00000
(Thread 2) 57 --> execution_time 0.0000
(Thread 2) 57 --> min_cpu 0.2500
(Thread 2) 57 --> max_cpu 1.00000
(Thread 2) 57 --> new_cpu 1.00000
(Thread 2) 57 --> new_cpu_level 10
(Thread 2) 57 --> Setting new frequency to 10
(Thread 2) 57 --> Executing Thread for 1 unit of time...
(Theread 2)  --> TASK: 6, EXEC: 1.0319, ID: 2
====================================== 58 ======================================

(Thread 2) 58 --> deadline 60
(Thread 2) 58 --> current_time 58
(Thread 2) 58 --> creation_time 45
(Thread 2) 58 --> time_fraction 0.8666
(Thread 2) 58 --> deadline_multiplier 1.00000
(Thread 2) 58 --> execution_time 1.0319
(Thread 2) 58 --> min_cpu 0.2500
(Thread 2) 58 --> max_cpu 1.00000
(Thread 2) 58 --> new_cpu 1.00000
(Thread 2) 58 --> new_cpu_level 10
(Thread 2) 58 --> Setting new frequency to 10
(Thread 2) 58 --> Executing Thread for 1 unit of time...
(Theread 2)  --> TASK: 6, EXEC: 2.0639, ID: 2
====================================== 59 ======================================

(Thread 2) 59 --> deadline 60
(Thread 2) 59 --> current_time 59
(Thread 2) 59 --> creation_time 45
(Thread 2) 59 --> time_fraction 0.9333
(Thread 2) 59 --> deadline_multiplier 1.00000
(Thread 2) 59 --> execution_time 2.0639
(Thread 2) 59 --> min_cpu 0.2500
(Thread 2) 59 --> max_cpu 1.00000
(Thread 2) 59 --> new_cpu 1.00000
(Thread 2) 59 --> new_cpu_level 10
(Thread 2) 59 --> Setting new frequency to 10
(Thread 2) 59 --> Executing Thread for 1 unit of time...
(Theread 2)  --> TASK: 6, EXEC: 3.0958, ID: 2
====================================== 60 ======================================

AVERAGE FREQUENCY LEVEL: 8.4166


*** The last thread under control of EPOS has finished.
*** EPOS is shutting down!
